{"message":"getProductById","User":"Matthieu","UserID":0,"Product":"concombre","ProductID":1,"Price":10.0,"level":"TRACE","thread_name":"main","class":"me.sanchez.logging.Applicationrepository","logger_name":"Price","@timestamp":"2022-12-16 13:58:10.958+0100"}
{"message":"getProductById","User":"Matthieu","UserID":0,"Product":"lettre","ProductID":2,"Price":1.0,"level":"TRACE","thread_name":"main","class":"me.sanchez.logging.Applicationrepository","logger_name":"Price","@timestamp":"2022-12-16 13:58:10.959+0100"}
{"message":"getProductById","User":"Matthieu","UserID":0,"Product":"Pates","ProductID":10,"Price":6.0,"level":"TRACE","thread_name":"main","class":"me.sanchez.logging.Applicationrepository","logger_name":"Price","@timestamp":"2022-12-16 13:58:10.960+0100"}
{"message":"getProductById","User":"Matthieu","UserID":0,"Product":"Riz","ProductID":9,"Price":5.0,"level":"TRACE","thread_name":"main","class":"me.sanchez.logging.Applicationrepository","logger_name":"Price","@timestamp":"2022-12-16 13:58:10.961+0100"}
{"message":"getProductById","User":"Martin","UserID":1,"Product":"Patates","ProductID":8,"Price":4.0,"level":"TRACE","thread_name":"main","class":"me.sanchez.logging.Applicationrepository","logger_name":"Price","@timestamp":"2022-12-16 13:58:10.962+0100"}
{"message":"getProductById","User":"Martin","UserID":1,"Product":"Pommes","ProductID":7,"Price":1.0,"level":"TRACE","thread_name":"main","class":"me.sanchez.logging.Applicationrepository","logger_name":"Price","@timestamp":"2022-12-16 13:58:10.962+0100"}
{"message":"getProductById","User":"Martin","UserID":1,"Product":"ecouteur","ProductID":10,"Price":10.0,"level":"TRACE","thread_name":"main","class":"me.sanchez.logging.Applicationrepository","logger_name":"Price","@timestamp":"2022-12-16 13:58:10.963+0100"}
{"message":"getProductById","User":"Martin","UserID":1,"Product":"Viande","ProductID":0,"Price":15.0,"level":"TRACE","thread_name":"main","class":"me.sanchez.logging.Applicationrepository","logger_name":"Price","@timestamp":"2022-12-16 13:58:10.963+0100"}
{"message":"getProductById","User":"Martin","UserID":1,"Product":"Patates","ProductID":8,"Price":4.0,"level":"TRACE","thread_name":"main","class":"me.sanchez.logging.Applicationrepository","logger_name":"Price","@timestamp":"2022-12-16 13:58:10.963+0100"}
{"message":"getProductById","User":"Martin","UserID":1,"Product":"Pommes","ProductID":7,"Price":1.0,"level":"TRACE","thread_name":"main","class":"me.sanchez.logging.Applicationrepository","logger_name":"Price","@timestamp":"2022-12-16 13:58:10.963+0100"}
{"message":"getProductById","User":"Martin","UserID":1,"Product":"Tomates","ProductID":6,"Price":3.0,"level":"TRACE","thread_name":"main","class":"me.sanchez.logging.Applicationrepository","logger_name":"Price","@timestamp":"2022-12-16 13:58:10.964+0100"}
{"message":"getProductById","User":"Martin","UserID":1,"Product":"Andives","ProductID":5,"Price":2.0,"level":"TRACE","thread_name":"main","class":"me.sanchez.logging.Applicationrepository","logger_name":"Price","@timestamp":"2022-12-16 13:58:10.964+0100"}
{"message":"getProductById","User":"Martin","UserID":1,"Product":"lampe","ProductID":4,"Price":15.0,"level":"TRACE","thread_name":"main","class":"me.sanchez.logging.Applicationrepository","logger_name":"Price","@timestamp":"2022-12-16 13:58:10.964+0100"}
{"message":"getProductById","User":"Martin","UserID":1,"Product":"ordinateur","ProductID":3,"Price":16.0,"level":"TRACE","thread_name":"main","class":"me.sanchez.logging.Applicationrepository","logger_name":"Price","@timestamp":"2022-12-16 13:58:10.964+0100"}
{"message":"getProductById","User":"Martin","UserID":1,"Product":"Viande","ProductID":0,"Price":15.0,"level":"TRACE","thread_name":"main","class":"me.sanchez.logging.Applicationrepository","logger_name":"Price","@timestamp":"2022-12-16 13:58:10.965+0100"}
{"message":"getProductById","User":"Martin","UserID":1,"Product":"feuille","ProductID":1,"Price":10.0,"level":"TRACE","thread_name":"main","class":"me.sanchez.logging.Applicationrepository","logger_name":"Price","@timestamp":"2022-12-16 13:58:10.965+0100"}
{"message":"getProductById","User":"Lucie","UserID":2,"Product":"Poivrons","ProductID":11,"Price":7.0,"level":"TRACE","thread_name":"main","class":"me.sanchez.logging.Applicationrepository","logger_name":"Price","@timestamp":"2022-12-16 13:58:10.966+0100"}
{"message":"getProductById","User":"Lucie","UserID":2,"Product":"lampe","ProductID":4,"Price":15.0,"level":"TRACE","thread_name":"main","class":"me.sanchez.logging.Applicationrepository","logger_name":"Price","@timestamp":"2022-12-16 13:58:10.966+0100"}
{"message":"getProductById","User":"Lucie","UserID":2,"Product":"Viande","ProductID":0,"Price":15.0,"level":"TRACE","thread_name":"main","class":"me.sanchez.logging.Applicationrepository","logger_name":"Price","@timestamp":"2022-12-16 13:58:10.966+0100"}
{"message":"getProductById","User":"Lucie","UserID":2,"Product":"Patates","ProductID":8,"Price":4.0,"level":"TRACE","thread_name":"main","class":"me.sanchez.logging.Applicationrepository","logger_name":"Price","@timestamp":"2022-12-16 13:58:10.967+0100"}
{"message":"getProductById","User":"Lucie","UserID":2,"Product":"Tomates","ProductID":6,"Price":3.0,"level":"TRACE","thread_name":"main","class":"me.sanchez.logging.Applicationrepository","logger_name":"Price","@timestamp":"2022-12-16 13:58:10.967+0100"}
{"message":"getProductById","User":"Lucie","UserID":2,"Product":"Viande","ProductID":0,"Price":15.0,"level":"TRACE","thread_name":"main","class":"me.sanchez.logging.Applicationrepository","logger_name":"Price","@timestamp":"2022-12-16 13:58:10.968+0100"}
{"message":"getProductById","User":"Lucie","UserID":2,"Product":"feuille","ProductID":1,"Price":10.0,"level":"TRACE","thread_name":"main","class":"me.sanchez.logging.Applicationrepository","logger_name":"Price","@timestamp":"2022-12-16 13:58:10.968+0100"}
{"message":"getProductById","User":"Celine","UserID":3,"Product":"Viande","ProductID":0,"Price":15.0,"level":"TRACE","thread_name":"main","class":"me.sanchez.logging.Applicationrepository","logger_name":"Price","@timestamp":"2022-12-16 13:58:10.969+0100"}
{"message":"getProductById","User":"Celine","UserID":3,"Product":"Tomates","ProductID":6,"Price":3.0,"level":"TRACE","thread_name":"main","class":"me.sanchez.logging.Applicationrepository","logger_name":"Price","@timestamp":"2022-12-16 13:58:10.969+0100"}
{"message":"getProductById","User":"Celine","UserID":3,"Product":"Viande","ProductID":0,"Price":15.0,"level":"TRACE","thread_name":"main","class":"me.sanchez.logging.Applicationrepository","logger_name":"Price","@timestamp":"2022-12-16 13:58:10.969+0100"}
{"message":"getProductById","User":"Celine","UserID":3,"Product":"Viande","ProductID":0,"Price":15.0,"level":"TRACE","thread_name":"main","class":"me.sanchez.logging.Applicationrepository","logger_name":"Price","@timestamp":"2022-12-16 13:58:10.969+0100"}
{"message":"getProductById","User":"Celine","UserID":3,"Product":"ordinateur","ProductID":3,"Price":16.0,"level":"TRACE","thread_name":"main","class":"me.sanchez.logging.Applicationrepository","logger_name":"Price","@timestamp":"2022-12-16 13:58:10.969+0100"}
{"message":"getProductById","User":"Celine","UserID":3,"Product":"ordinateur","ProductID":3,"Price":16.0,"level":"TRACE","thread_name":"main","class":"me.sanchez.logging.Applicationrepository","logger_name":"Price","@timestamp":"2022-12-16 13:58:10.970+0100"}
{"message":"getProductById","User":"Celine","UserID":3,"Product":"lampe","ProductID":4,"Price":15.0,"level":"TRACE","thread_name":"main","class":"me.sanchez.logging.Applicationrepository","logger_name":"Price","@timestamp":"2022-12-16 13:58:10.970+0100"}
{"message":"getProductById","User":"Celine","UserID":3,"Product":"Tomates","ProductID":6,"Price":3.0,"level":"TRACE","thread_name":"main","class":"me.sanchez.logging.Applicationrepository","logger_name":"Price","@timestamp":"2022-12-16 13:58:10.970+0100"}
{"message":"getProductById","User":"Celine","UserID":3,"Product":"Tomates","ProductID":6,"Price":3.0,"level":"TRACE","thread_name":"main","class":"me.sanchez.logging.Applicationrepository","logger_name":"Price","@timestamp":"2022-12-16 13:58:10.971+0100"}
{"message":"getProductById","User":"Celine","UserID":3,"Product":"Pommes","ProductID":7,"Price":1.0,"level":"TRACE","thread_name":"main","class":"me.sanchez.logging.Applicationrepository","logger_name":"Price","@timestamp":"2022-12-16 13:58:10.971+0100"}
{"message":"getProductById","User":"Celine","UserID":3,"Product":"multi-prise","ProductID":8,"Price":12.0,"level":"TRACE","thread_name":"main","class":"me.sanchez.logging.Applicationrepository","logger_name":"Price","@timestamp":"2022-12-16 13:58:10.972+0100"}
{"message":"getProductById","User":"Celine","UserID":3,"Product":"Viande","ProductID":0,"Price":15.0,"level":"TRACE","thread_name":"main","class":"me.sanchez.logging.Applicationrepository","logger_name":"Price","@timestamp":"2022-12-16 13:58:10.972+0100"}
{"message":"getProductById","User":"Celine","UserID":3,"Product":"ordinateur","ProductID":3,"Price":16.0,"level":"TRACE","thread_name":"main","class":"me.sanchez.logging.Applicationrepository","logger_name":"Price","@timestamp":"2022-12-16 13:58:10.972+0100"}
{"message":"getProductById","User":"Celine","UserID":3,"Product":"ordinateur","ProductID":3,"Price":16.0,"level":"TRACE","thread_name":"main","class":"me.sanchez.logging.Applicationrepository","logger_name":"Price","@timestamp":"2022-12-16 13:58:10.972+0100"}
{"message":"getProductById","User":"Celine","UserID":3,"Product":"ordinateur","ProductID":3,"Price":16.0,"level":"TRACE","thread_name":"main","class":"me.sanchez.logging.Applicationrepository","logger_name":"Price","@timestamp":"2022-12-16 13:58:10.972+0100"}
{"message":"getProductById","User":"Celine","UserID":3,"Product":"lampe","ProductID":4,"Price":15.0,"level":"TRACE","thread_name":"main","class":"me.sanchez.logging.Applicationrepository","logger_name":"Price","@timestamp":"2022-12-16 13:58:10.972+0100"}
{"message":"getProductById","User":"Gaetan","UserID":5,"Product":"ESP32","ProductID":20,"Price":30.0,"level":"TRACE","thread_name":"main","class":"me.sanchez.logging.Applicationrepository","logger_name":"Price","@timestamp":"2022-12-16 13:58:10.976+0100"}
{"message":"getProductById","User":"Gaetan","UserID":5,"Product":"arduino","ProductID":21,"Price":35.0,"level":"TRACE","thread_name":"main","class":"me.sanchez.logging.Applicationrepository","logger_name":"Price","@timestamp":"2022-12-16 13:58:10.976+0100"}
{"message":"getProductById","User":"Gaetan","UserID":5,"Product":"mouchoir","ProductID":22,"Price":2.0,"level":"TRACE","thread_name":"main","class":"me.sanchez.logging.Applicationrepository","logger_name":"Price","@timestamp":"2022-12-16 13:58:10.984+0100"}
{"message":"getProductById","User":"Gaetan","UserID":5,"Product":"torchon","ProductID":23,"Price":6.0,"level":"TRACE","thread_name":"main","class":"me.sanchez.logging.Applicationrepository","logger_name":"Price","@timestamp":"2022-12-16 13:58:10.984+0100"}
{"message":"getProductById","User":"Lea","UserID":6,"Product":"arbre","ProductID":31,"Price":75.0,"level":"TRACE","thread_name":"main","class":"me.sanchez.logging.Applicationrepository","logger_name":"Price","@timestamp":"2022-12-16 13:58:10.986+0100"}
{"message":"getProductById","User":"Lea","UserID":6,"Product":"telecomande","ProductID":32,"Price":4.0,"level":"TRACE","thread_name":"main","class":"me.sanchez.logging.Applicationrepository","logger_name":"Price","@timestamp":"2022-12-16 13:58:10.986+0100"}
{"message":"getProductById","User":"Arthur","UserID":8,"Product":"pull","ProductID":37,"Price":20.0,"level":"TRACE","thread_name":"main","class":"me.sanchez.logging.Applicationrepository","logger_name":"Price","@timestamp":"2022-12-16 13:58:10.988+0100"}
{"message":"getProductById","User":"Arthur","UserID":8,"Product":"blouson","ProductID":38,"Price":30.0,"level":"TRACE","thread_name":"main","class":"me.sanchez.logging.Applicationrepository","logger_name":"Price","@timestamp":"2022-12-16 13:58:10.988+0100"}
{"message":"getProductById","User":"Arthur","UserID":8,"Product":"trousse","ProductID":39,"Price":6.0,"level":"TRACE","thread_name":"main","class":"me.sanchez.logging.Applicationrepository","logger_name":"Price","@timestamp":"2022-12-16 13:58:10.989+0100"}
{"message":"getProductById","User":"Arthur","UserID":8,"Product":"bouton","ProductID":40,"Price":1.0,"level":"TRACE","thread_name":"main","class":"me.sanchez.logging.Applicationrepository","logger_name":"Price","@timestamp":"2022-12-16 13:58:10.989+0100"}
{"message":"getProductById","User":"Marie-Lou","UserID":9,"Product":"enceinte","ProductID":41,"Price":60.0,"level":"TRACE","thread_name":"main","class":"me.sanchez.logging.Applicationrepository","logger_name":"Price","@timestamp":"2022-12-16 13:58:10.990+0100"}
{"message":"getProductById","User":"Marie-Lou","UserID":9,"Product":"boeuf","ProductID":42,"Price":15.0,"level":"TRACE","thread_name":"main","class":"me.sanchez.logging.Applicationrepository","logger_name":"Price","@timestamp":"2022-12-16 13:58:10.991+0100"}
{"message":"getProductById","User":"Marie-Lou","UserID":9,"Product":"cochon","ProductID":43,"Price":15.0,"level":"TRACE","thread_name":"main","class":"me.sanchez.logging.Applicationrepository","logger_name":"Price","@timestamp":"2022-12-16 13:58:10.991+0100"}
