{"message":"getProducts","User":"Matthieu","UserID":0,"level":"TRACE","thread_name":"main","class":"me.sanchez.logging.Applicationrepository","logger_name":"Read","@timestamp":"2022-12-16 13:58:10.947+0100"}
{"message":"getProducts","User":"Matthieu","UserID":0,"level":"TRACE","thread_name":"main","class":"me.sanchez.logging.Applicationrepository","logger_name":"Read","@timestamp":"2022-12-16 13:58:10.958+0100"}
{"message":"getProductById","User":"Matthieu","UserID":0,"level":"TRACE","thread_name":"main","class":"me.sanchez.logging.Applicationrepository","logger_name":"Read","@timestamp":"2022-12-16 13:58:10.958+0100"}
{"message":"getProductById","User":"Matthieu","UserID":0,"level":"TRACE","thread_name":"main","class":"me.sanchez.logging.Applicationrepository","logger_name":"Read","@timestamp":"2022-12-16 13:58:10.959+0100"}
{"message":"getProducts","User":"Matthieu","UserID":0,"level":"TRACE","thread_name":"main","class":"me.sanchez.logging.Applicationrepository","logger_name":"Read","@timestamp":"2022-12-16 13:58:10.960+0100"}
{"message":"getProductById","User":"Matthieu","UserID":0,"level":"TRACE","thread_name":"main","class":"me.sanchez.logging.Applicationrepository","logger_name":"Read","@timestamp":"2022-12-16 13:58:10.960+0100"}
{"message":"getProductById","User":"Matthieu","UserID":0,"level":"TRACE","thread_name":"main","class":"me.sanchez.logging.Applicationrepository","logger_name":"Read","@timestamp":"2022-12-16 13:58:10.961+0100"}
{"message":"getProducts","User":"Martin","UserID":1,"level":"TRACE","thread_name":"main","class":"me.sanchez.logging.Applicationrepository","logger_name":"Read","@timestamp":"2022-12-16 13:58:10.961+0100"}
{"message":"getProductById","User":"Martin","UserID":1,"level":"TRACE","thread_name":"main","class":"me.sanchez.logging.Applicationrepository","logger_name":"Read","@timestamp":"2022-12-16 13:58:10.962+0100"}
{"message":"getProductById","User":"Martin","UserID":1,"level":"TRACE","thread_name":"main","class":"me.sanchez.logging.Applicationrepository","logger_name":"Read","@timestamp":"2022-12-16 13:58:10.962+0100"}
{"message":"getProductById","User":"Martin","UserID":1,"level":"TRACE","thread_name":"main","class":"me.sanchez.logging.Applicationrepository","logger_name":"Read","@timestamp":"2022-12-16 13:58:10.962+0100"}
{"message":"getProductById","User":"Martin","UserID":1,"level":"TRACE","thread_name":"main","class":"me.sanchez.logging.Applicationrepository","logger_name":"Read","@timestamp":"2022-12-16 13:58:10.963+0100"}
{"message":"getProductById","User":"Martin","UserID":1,"level":"TRACE","thread_name":"main","class":"me.sanchez.logging.Applicationrepository","logger_name":"Read","@timestamp":"2022-12-16 13:58:10.963+0100"}
{"message":"getProductById","User":"Martin","UserID":1,"level":"TRACE","thread_name":"main","class":"me.sanchez.logging.Applicationrepository","logger_name":"Read","@timestamp":"2022-12-16 13:58:10.963+0100"}
{"message":"getProductById","User":"Martin","UserID":1,"level":"TRACE","thread_name":"main","class":"me.sanchez.logging.Applicationrepository","logger_name":"Read","@timestamp":"2022-12-16 13:58:10.963+0100"}
{"message":"getProductById","User":"Martin","UserID":1,"level":"TRACE","thread_name":"main","class":"me.sanchez.logging.Applicationrepository","logger_name":"Read","@timestamp":"2022-12-16 13:58:10.964+0100"}
{"message":"getProductById","User":"Martin","UserID":1,"level":"TRACE","thread_name":"main","class":"me.sanchez.logging.Applicationrepository","logger_name":"Read","@timestamp":"2022-12-16 13:58:10.964+0100"}
{"message":"getProductById","User":"Martin","UserID":1,"level":"TRACE","thread_name":"main","class":"me.sanchez.logging.Applicationrepository","logger_name":"Read","@timestamp":"2022-12-16 13:58:10.964+0100"}
{"message":"getProducts","User":"Martin","UserID":1,"level":"TRACE","thread_name":"main","class":"me.sanchez.logging.Applicationrepository","logger_name":"Read","@timestamp":"2022-12-16 13:58:10.965+0100"}
{"message":"getProductById","User":"Martin","UserID":1,"level":"TRACE","thread_name":"main","class":"me.sanchez.logging.Applicationrepository","logger_name":"Read","@timestamp":"2022-12-16 13:58:10.965+0100"}
{"message":"getProductById","User":"Martin","UserID":1,"level":"TRACE","thread_name":"main","class":"me.sanchez.logging.Applicationrepository","logger_name":"Read","@timestamp":"2022-12-16 13:58:10.965+0100"}
{"message":"getProducts","User":"Lucie","UserID":2,"level":"TRACE","thread_name":"main","class":"me.sanchez.logging.Applicationrepository","logger_name":"Read","@timestamp":"2022-12-16 13:58:10.966+0100"}
{"message":"getProductById","User":"Lucie","UserID":2,"level":"TRACE","thread_name":"main","class":"me.sanchez.logging.Applicationrepository","logger_name":"Read","@timestamp":"2022-12-16 13:58:10.966+0100"}
{"message":"getProductById","User":"Lucie","UserID":2,"level":"TRACE","thread_name":"main","class":"me.sanchez.logging.Applicationrepository","logger_name":"Read","@timestamp":"2022-12-16 13:58:10.966+0100"}
{"message":"getProductById","User":"Lucie","UserID":2,"level":"TRACE","thread_name":"main","class":"me.sanchez.logging.Applicationrepository","logger_name":"Read","@timestamp":"2022-12-16 13:58:10.966+0100"}
{"message":"getProducts","User":"Lucie","UserID":2,"level":"TRACE","thread_name":"main","class":"me.sanchez.logging.Applicationrepository","logger_name":"Read","@timestamp":"2022-12-16 13:58:10.967+0100"}
{"message":"getProductById","User":"Lucie","UserID":2,"level":"TRACE","thread_name":"main","class":"me.sanchez.logging.Applicationrepository","logger_name":"Read","@timestamp":"2022-12-16 13:58:10.967+0100"}
{"message":"getProductById","User":"Lucie","UserID":2,"level":"TRACE","thread_name":"main","class":"me.sanchez.logging.Applicationrepository","logger_name":"Read","@timestamp":"2022-12-16 13:58:10.967+0100"}
{"message":"getProducts","User":"Lucie","UserID":2,"level":"TRACE","thread_name":"main","class":"me.sanchez.logging.Applicationrepository","logger_name":"Read","@timestamp":"2022-12-16 13:58:10.968+0100"}
{"message":"getProductById","User":"Lucie","UserID":2,"level":"TRACE","thread_name":"main","class":"me.sanchez.logging.Applicationrepository","logger_name":"Read","@timestamp":"2022-12-16 13:58:10.968+0100"}
{"message":"getProductById","User":"Lucie","UserID":2,"level":"TRACE","thread_name":"main","class":"me.sanchez.logging.Applicationrepository","logger_name":"Read","@timestamp":"2022-12-16 13:58:10.968+0100"}
{"message":"getProducts","User":"Celine","UserID":3,"level":"TRACE","thread_name":"main","class":"me.sanchez.logging.Applicationrepository","logger_name":"Read","@timestamp":"2022-12-16 13:58:10.968+0100"}
{"message":"getProductById","User":"Celine","UserID":3,"level":"TRACE","thread_name":"main","class":"me.sanchez.logging.Applicationrepository","logger_name":"Read","@timestamp":"2022-12-16 13:58:10.969+0100"}
{"message":"getProductById","User":"Celine","UserID":3,"level":"TRACE","thread_name":"main","class":"me.sanchez.logging.Applicationrepository","logger_name":"Read","@timestamp":"2022-12-16 13:58:10.969+0100"}
{"message":"getProductById","User":"Celine","UserID":3,"level":"TRACE","thread_name":"main","class":"me.sanchez.logging.Applicationrepository","logger_name":"Read","@timestamp":"2022-12-16 13:58:10.969+0100"}
{"message":"getProductById","User":"Celine","UserID":3,"level":"TRACE","thread_name":"main","class":"me.sanchez.logging.Applicationrepository","logger_name":"Read","@timestamp":"2022-12-16 13:58:10.969+0100"}
{"message":"getProductById","User":"Celine","UserID":3,"level":"TRACE","thread_name":"main","class":"me.sanchez.logging.Applicationrepository","logger_name":"Read","@timestamp":"2022-12-16 13:58:10.969+0100"}
{"message":"getProductById","User":"Celine","UserID":3,"level":"TRACE","thread_name":"main","class":"me.sanchez.logging.Applicationrepository","logger_name":"Read","@timestamp":"2022-12-16 13:58:10.970+0100"}
{"message":"getProductById","User":"Celine","UserID":3,"level":"TRACE","thread_name":"main","class":"me.sanchez.logging.Applicationrepository","logger_name":"Read","@timestamp":"2022-12-16 13:58:10.970+0100"}
{"message":"getProductById","User":"Celine","UserID":3,"level":"TRACE","thread_name":"main","class":"me.sanchez.logging.Applicationrepository","logger_name":"Read","@timestamp":"2022-12-16 13:58:10.970+0100"}
{"message":"getProductById","User":"Celine","UserID":3,"level":"TRACE","thread_name":"main","class":"me.sanchez.logging.Applicationrepository","logger_name":"Read","@timestamp":"2022-12-16 13:58:10.971+0100"}
{"message":"getProductById","User":"Celine","UserID":3,"level":"TRACE","thread_name":"main","class":"me.sanchez.logging.Applicationrepository","logger_name":"Read","@timestamp":"2022-12-16 13:58:10.971+0100"}
{"message":"getProducts","User":"Celine","UserID":3,"level":"TRACE","thread_name":"main","class":"me.sanchez.logging.Applicationrepository","logger_name":"Read","@timestamp":"2022-12-16 13:58:10.971+0100"}
{"message":"getProductById","User":"Celine","UserID":3,"level":"TRACE","thread_name":"main","class":"me.sanchez.logging.Applicationrepository","logger_name":"Read","@timestamp":"2022-12-16 13:58:10.971+0100"}
{"message":"getProductById","User":"Celine","UserID":3,"level":"TRACE","thread_name":"main","class":"me.sanchez.logging.Applicationrepository","logger_name":"Read","@timestamp":"2022-12-16 13:58:10.972+0100"}
{"message":"getProductById","User":"Celine","UserID":3,"level":"TRACE","thread_name":"main","class":"me.sanchez.logging.Applicationrepository","logger_name":"Read","@timestamp":"2022-12-16 13:58:10.972+0100"}
{"message":"getProductById","User":"Celine","UserID":3,"level":"TRACE","thread_name":"main","class":"me.sanchez.logging.Applicationrepository","logger_name":"Read","@timestamp":"2022-12-16 13:58:10.972+0100"}
{"message":"getProductById","User":"Celine","UserID":3,"level":"TRACE","thread_name":"main","class":"me.sanchez.logging.Applicationrepository","logger_name":"Read","@timestamp":"2022-12-16 13:58:10.972+0100"}
{"message":"getProductById","User":"Celine","UserID":3,"level":"TRACE","thread_name":"main","class":"me.sanchez.logging.Applicationrepository","logger_name":"Read","@timestamp":"2022-12-16 13:58:10.972+0100"}
{"message":"getProducts","User":"Matthieu","UserID":0,"level":"TRACE","thread_name":"main","class":"me.sanchez.logging.Applicationrepository","logger_name":"Read","@timestamp":"2022-12-16 13:58:10.973+0100"}
{"message":"getProducts","User":"Matthieu","UserID":0,"level":"TRACE","thread_name":"main","class":"me.sanchez.logging.Applicationrepository","logger_name":"Read","@timestamp":"2022-12-16 13:58:10.975+0100"}
{"message":"getProducts","User":"Gaetan","UserID":5,"level":"TRACE","thread_name":"main","class":"me.sanchez.logging.Applicationrepository","logger_name":"Read","@timestamp":"2022-12-16 13:58:10.975+0100"}
{"message":"getProducts","User":"Gaetan","UserID":5,"level":"TRACE","thread_name":"main","class":"me.sanchez.logging.Applicationrepository","logger_name":"Read","@timestamp":"2022-12-16 13:58:10.976+0100"}
{"message":"getProductById","User":"Gaetan","UserID":5,"level":"TRACE","thread_name":"main","class":"me.sanchez.logging.Applicationrepository","logger_name":"Read","@timestamp":"2022-12-16 13:58:10.976+0100"}
{"message":"getProductById","User":"Gaetan","UserID":5,"level":"TRACE","thread_name":"main","class":"me.sanchez.logging.Applicationrepository","logger_name":"Read","@timestamp":"2022-12-16 13:58:10.976+0100"}
{"message":"getProducts","User":"Gaetan","UserID":5,"level":"TRACE","thread_name":"main","class":"me.sanchez.logging.Applicationrepository","logger_name":"Read","@timestamp":"2022-12-16 13:58:10.977+0100"}
{"message":"getProductById","User":"Gaetan","UserID":5,"level":"TRACE","thread_name":"main","class":"me.sanchez.logging.Applicationrepository","logger_name":"Read","@timestamp":"2022-12-16 13:58:10.984+0100"}
{"message":"getProductById","User":"Gaetan","UserID":5,"level":"TRACE","thread_name":"main","class":"me.sanchez.logging.Applicationrepository","logger_name":"Read","@timestamp":"2022-12-16 13:58:10.984+0100"}
{"message":"getProducts","User":"Lea","UserID":6,"level":"TRACE","thread_name":"main","class":"me.sanchez.logging.Applicationrepository","logger_name":"Read","@timestamp":"2022-12-16 13:58:10.984+0100"}
{"message":"getProducts","User":"Lea","UserID":6,"level":"TRACE","thread_name":"main","class":"me.sanchez.logging.Applicationrepository","logger_name":"Read","@timestamp":"2022-12-16 13:58:10.986+0100"}
{"message":"getProducts","User":"Lea","UserID":6,"level":"TRACE","thread_name":"main","class":"me.sanchez.logging.Applicationrepository","logger_name":"Read","@timestamp":"2022-12-16 13:58:10.986+0100"}
{"message":"getProductById","User":"Lea","UserID":6,"level":"TRACE","thread_name":"main","class":"me.sanchez.logging.Applicationrepository","logger_name":"Read","@timestamp":"2022-12-16 13:58:10.986+0100"}
{"message":"getProductById","User":"Lea","UserID":6,"level":"TRACE","thread_name":"main","class":"me.sanchez.logging.Applicationrepository","logger_name":"Read","@timestamp":"2022-12-16 13:58:10.986+0100"}
{"message":"getProducts","User":"Lea","UserID":7,"level":"TRACE","thread_name":"main","class":"me.sanchez.logging.Applicationrepository","logger_name":"Read","@timestamp":"2022-12-16 13:58:10.987+0100"}
{"message":"getProducts","User":"Arthur","UserID":8,"level":"TRACE","thread_name":"main","class":"me.sanchez.logging.Applicationrepository","logger_name":"Read","@timestamp":"2022-12-16 13:58:10.988+0100"}
{"message":"getProducts","User":"Arthur","UserID":8,"level":"TRACE","thread_name":"main","class":"me.sanchez.logging.Applicationrepository","logger_name":"Read","@timestamp":"2022-12-16 13:58:10.988+0100"}
{"message":"getProducts","User":"Arthur","UserID":8,"level":"TRACE","thread_name":"main","class":"me.sanchez.logging.Applicationrepository","logger_name":"Read","@timestamp":"2022-12-16 13:58:10.988+0100"}
{"message":"getProducts","User":"Arthur","UserID":8,"level":"TRACE","thread_name":"main","class":"me.sanchez.logging.Applicationrepository","logger_name":"Read","@timestamp":"2022-12-16 13:58:10.988+0100"}
{"message":"getProducts","User":"Arthur","UserID":8,"level":"TRACE","thread_name":"main","class":"me.sanchez.logging.Applicationrepository","logger_name":"Read","@timestamp":"2022-12-16 13:58:10.988+0100"}
{"message":"getProducts","User":"Arthur","UserID":8,"level":"TRACE","thread_name":"main","class":"me.sanchez.logging.Applicationrepository","logger_name":"Read","@timestamp":"2022-12-16 13:58:10.988+0100"}
{"message":"getProducts","User":"Arthur","UserID":8,"level":"TRACE","thread_name":"main","class":"me.sanchez.logging.Applicationrepository","logger_name":"Read","@timestamp":"2022-12-16 13:58:10.988+0100"}
{"message":"getProductById","User":"Arthur","UserID":8,"level":"TRACE","thread_name":"main","class":"me.sanchez.logging.Applicationrepository","logger_name":"Read","@timestamp":"2022-12-16 13:58:10.988+0100"}
{"message":"getProductById","User":"Arthur","UserID":8,"level":"TRACE","thread_name":"main","class":"me.sanchez.logging.Applicationrepository","logger_name":"Read","@timestamp":"2022-12-16 13:58:10.988+0100"}
{"message":"getProducts","User":"Arthur","UserID":8,"level":"TRACE","thread_name":"main","class":"me.sanchez.logging.Applicationrepository","logger_name":"Read","@timestamp":"2022-12-16 13:58:10.989+0100"}
{"message":"getProducts","User":"Arthur","UserID":8,"level":"TRACE","thread_name":"main","class":"me.sanchez.logging.Applicationrepository","logger_name":"Read","@timestamp":"2022-12-16 13:58:10.989+0100"}
{"message":"getProductById","User":"Arthur","UserID":8,"level":"TRACE","thread_name":"main","class":"me.sanchez.logging.Applicationrepository","logger_name":"Read","@timestamp":"2022-12-16 13:58:10.989+0100"}
{"message":"getProductById","User":"Arthur","UserID":8,"level":"TRACE","thread_name":"main","class":"me.sanchez.logging.Applicationrepository","logger_name":"Read","@timestamp":"2022-12-16 13:58:10.989+0100"}
{"message":"getProducts","User":"Marie-Lou","UserID":9,"level":"TRACE","thread_name":"main","class":"me.sanchez.logging.Applicationrepository","logger_name":"Read","@timestamp":"2022-12-16 13:58:10.989+0100"}
{"message":"getProducts","User":"Marie-Lou","UserID":9,"level":"TRACE","thread_name":"main","class":"me.sanchez.logging.Applicationrepository","logger_name":"Read","@timestamp":"2022-12-16 13:58:10.990+0100"}
{"message":"getProductById","User":"Marie-Lou","UserID":9,"level":"TRACE","thread_name":"main","class":"me.sanchez.logging.Applicationrepository","logger_name":"Read","@timestamp":"2022-12-16 13:58:10.990+0100"}
{"message":"getProducts","User":"Marie-Lou","UserID":9,"level":"TRACE","thread_name":"main","class":"me.sanchez.logging.Applicationrepository","logger_name":"Read","@timestamp":"2022-12-16 13:58:10.991+0100"}
{"message":"getProductById","User":"Marie-Lou","UserID":9,"level":"TRACE","thread_name":"main","class":"me.sanchez.logging.Applicationrepository","logger_name":"Read","@timestamp":"2022-12-16 13:58:10.991+0100"}
{"message":"getProductById","User":"Marie-Lou","UserID":9,"level":"TRACE","thread_name":"main","class":"me.sanchez.logging.Applicationrepository","logger_name":"Read","@timestamp":"2022-12-16 13:58:10.991+0100"}
