{"message":"addProduct","User":"Matthieu","UserID":0,"level":"TRACE","thread_name":"main","class":"me.sanchez.logging.Applicationrepository","logger_name":"Write","@timestamp":"2022-12-16 13:58:10.956+0100"}
{"message":"addProduct","User":"Matthieu","UserID":0,"level":"TRACE","thread_name":"main","class":"me.sanchez.logging.Applicationrepository","logger_name":"Write","@timestamp":"2022-12-16 13:58:10.956+0100"}
{"message":"addProduct","User":"Matthieu","UserID":0,"level":"TRACE","thread_name":"main","class":"me.sanchez.logging.Applicationrepository","logger_name":"Write","@timestamp":"2022-12-16 13:58:10.956+0100"}
{"message":"addProduct","User":"Matthieu","UserID":0,"level":"TRACE","thread_name":"main","class":"me.sanchez.logging.Applicationrepository","logger_name":"Write","@timestamp":"2022-12-16 13:58:10.957+0100"}
{"message":"addProduct","User":"Matthieu","UserID":0,"level":"TRACE","thread_name":"main","class":"me.sanchez.logging.Applicationrepository","logger_name":"Write","@timestamp":"2022-12-16 13:58:10.957+0100"}
{"message":"addProduct","User":"Matthieu","UserID":0,"level":"TRACE","thread_name":"main","class":"me.sanchez.logging.Applicationrepository","logger_name":"Write","@timestamp":"2022-12-16 13:58:10.957+0100"}
{"message":"addProduct","User":"Matthieu","UserID":0,"level":"TRACE","thread_name":"main","class":"me.sanchez.logging.Applicationrepository","logger_name":"Write","@timestamp":"2022-12-16 13:58:10.957+0100"}
{"message":"addProduct","User":"Matthieu","UserID":0,"level":"TRACE","thread_name":"main","class":"me.sanchez.logging.Applicationrepository","logger_name":"Write","@timestamp":"2022-12-16 13:58:10.957+0100"}
{"message":"addProduct","User":"Matthieu","UserID":0,"level":"TRACE","thread_name":"main","class":"me.sanchez.logging.Applicationrepository","logger_name":"Write","@timestamp":"2022-12-16 13:58:10.957+0100"}
{"message":"addProduct","User":"Matthieu","UserID":0,"level":"TRACE","thread_name":"main","class":"me.sanchez.logging.Applicationrepository","logger_name":"Write","@timestamp":"2022-12-16 13:58:10.958+0100"}
{"message":"addProduct","User":"Matthieu","UserID":0,"level":"TRACE","thread_name":"main","class":"me.sanchez.logging.Applicationrepository","logger_name":"Write","@timestamp":"2022-12-16 13:58:10.958+0100"}
{"message":"addProduct","User":"Matthieu","UserID":0,"level":"TRACE","thread_name":"main","class":"me.sanchez.logging.Applicationrepository","logger_name":"Write","@timestamp":"2022-12-16 13:58:10.958+0100"}
{"message":"removeProduct","User":"Matthieu","UserID":0,"level":"TRACE","thread_name":"main","class":"me.sanchez.logging.Applicationrepository","logger_name":"Write","@timestamp":"2022-12-16 13:58:10.959+0100"}
{"message":"editProduct","User":"Matthieu","UserID":0,"level":"TRACE","thread_name":"main","class":"me.sanchez.logging.Applicationrepository","logger_name":"Write","@timestamp":"2022-12-16 13:58:10.959+0100"}
{"message":"addProduct","User":"Matthieu","UserID":0,"level":"TRACE","thread_name":"main","class":"me.sanchez.logging.Applicationrepository","logger_name":"Write","@timestamp":"2022-12-16 13:58:10.959+0100"}
{"message":"addProduct","User":"Matthieu","UserID":0,"level":"TRACE","thread_name":"main","class":"me.sanchez.logging.Applicationrepository","logger_name":"Write","@timestamp":"2022-12-16 13:58:10.960+0100"}
{"message":"addProduct","User":"Matthieu","UserID":0,"level":"TRACE","thread_name":"main","class":"me.sanchez.logging.Applicationrepository","logger_name":"Write","@timestamp":"2022-12-16 13:58:10.960+0100"}
{"message":"addProduct","User":"Matthieu","UserID":0,"level":"TRACE","thread_name":"main","class":"me.sanchez.logging.Applicationrepository","logger_name":"Write","@timestamp":"2022-12-16 13:58:10.960+0100"}
{"message":"addProduct","User":"Matthieu","UserID":0,"level":"TRACE","thread_name":"main","class":"me.sanchez.logging.Applicationrepository","logger_name":"Write","@timestamp":"2022-12-16 13:58:10.960+0100"}
{"message":"removeProduct","User":"Matthieu","UserID":0,"level":"TRACE","thread_name":"main","class":"me.sanchez.logging.Applicationrepository","logger_name":"Write","@timestamp":"2022-12-16 13:58:10.961+0100"}
{"message":"editProduct","User":"Martin","UserID":1,"level":"TRACE","thread_name":"main","class":"me.sanchez.logging.Applicationrepository","logger_name":"Write","@timestamp":"2022-12-16 13:58:10.961+0100"}
{"message":"addProduct","User":"Martin","UserID":1,"level":"TRACE","thread_name":"main","class":"me.sanchez.logging.Applicationrepository","logger_name":"Write","@timestamp":"2022-12-16 13:58:10.961+0100"}
{"message":"addProduct","User":"Martin","UserID":1,"level":"TRACE","thread_name":"main","class":"me.sanchez.logging.Applicationrepository","logger_name":"Write","@timestamp":"2022-12-16 13:58:10.961+0100"}
{"message":"addProduct","User":"Martin","UserID":1,"level":"TRACE","thread_name":"main","class":"me.sanchez.logging.Applicationrepository","logger_name":"Write","@timestamp":"2022-12-16 13:58:10.962+0100"}
{"message":"addProduct","User":"Martin","UserID":1,"level":"TRACE","thread_name":"main","class":"me.sanchez.logging.Applicationrepository","logger_name":"Write","@timestamp":"2022-12-16 13:58:10.962+0100"}
{"message":"addProduct","User":"Martin","UserID":1,"level":"TRACE","thread_name":"main","class":"me.sanchez.logging.Applicationrepository","logger_name":"Write","@timestamp":"2022-12-16 13:58:10.962+0100"}
{"message":"removeProduct","User":"Martin","UserID":1,"level":"TRACE","thread_name":"main","class":"me.sanchez.logging.Applicationrepository","logger_name":"Write","@timestamp":"2022-12-16 13:58:10.965+0100"}
{"message":"removeProduct","User":"Martin","UserID":1,"level":"TRACE","thread_name":"main","class":"me.sanchez.logging.Applicationrepository","logger_name":"Write","@timestamp":"2022-12-16 13:58:10.965+0100"}
{"message":"addProduct","User":"Lucie","UserID":2,"level":"TRACE","thread_name":"main","class":"me.sanchez.logging.Applicationrepository","logger_name":"Write","@timestamp":"2022-12-16 13:58:10.966+0100"}
{"message":"addProduct","User":"Lucie","UserID":2,"level":"TRACE","thread_name":"main","class":"me.sanchez.logging.Applicationrepository","logger_name":"Write","@timestamp":"2022-12-16 13:58:10.966+0100"}
{"message":"removeProduct","User":"Lucie","UserID":2,"level":"TRACE","thread_name":"main","class":"me.sanchez.logging.Applicationrepository","logger_name":"Write","@timestamp":"2022-12-16 13:58:10.967+0100"}
{"message":"editProduct","User":"Lucie","UserID":2,"level":"TRACE","thread_name":"main","class":"me.sanchez.logging.Applicationrepository","logger_name":"Write","@timestamp":"2022-12-16 13:58:10.967+0100"}
{"message":"addProduct","User":"Lucie","UserID":2,"level":"TRACE","thread_name":"main","class":"me.sanchez.logging.Applicationrepository","logger_name":"Write","@timestamp":"2022-12-16 13:58:10.967+0100"}
{"message":"addProduct","User":"Lucie","UserID":2,"level":"TRACE","thread_name":"main","class":"me.sanchez.logging.Applicationrepository","logger_name":"Write","@timestamp":"2022-12-16 13:58:10.967+0100"}
{"message":"addProduct","User":"Lucie","UserID":2,"level":"TRACE","thread_name":"main","class":"me.sanchez.logging.Applicationrepository","logger_name":"Write","@timestamp":"2022-12-16 13:58:10.968+0100"}
{"message":"addProduct","User":"Lucie","UserID":2,"level":"TRACE","thread_name":"main","class":"me.sanchez.logging.Applicationrepository","logger_name":"Write","@timestamp":"2022-12-16 13:58:10.968+0100"}
{"message":"addProduct","User":"Lucie","UserID":2,"level":"TRACE","thread_name":"main","class":"me.sanchez.logging.Applicationrepository","logger_name":"Write","@timestamp":"2022-12-16 13:58:10.968+0100"}
{"message":"removeProduct","User":"Lucie","UserID":2,"level":"TRACE","thread_name":"main","class":"me.sanchez.logging.Applicationrepository","logger_name":"Write","@timestamp":"2022-12-16 13:58:10.968+0100"}
{"message":"removeProduct","User":"Celine","UserID":3,"level":"TRACE","thread_name":"main","class":"me.sanchez.logging.Applicationrepository","logger_name":"Write","@timestamp":"2022-12-16 13:58:10.973+0100"}
{"message":"addProduct","User":"Matthieu","UserID":0,"level":"TRACE","thread_name":"main","class":"me.sanchez.logging.Applicationrepository","logger_name":"Write","@timestamp":"2022-12-16 13:58:10.973+0100"}
{"message":"addProduct","User":"Matthieu","UserID":0,"level":"TRACE","thread_name":"main","class":"me.sanchez.logging.Applicationrepository","logger_name":"Write","@timestamp":"2022-12-16 13:58:10.973+0100"}
{"message":"addProduct","User":"Matthieu","UserID":0,"level":"TRACE","thread_name":"main","class":"me.sanchez.logging.Applicationrepository","logger_name":"Write","@timestamp":"2022-12-16 13:58:10.973+0100"}
{"message":"addProduct","User":"Matthieu","UserID":0,"level":"TRACE","thread_name":"main","class":"me.sanchez.logging.Applicationrepository","logger_name":"Write","@timestamp":"2022-12-16 13:58:10.973+0100"}
{"message":"addProduct","User":"Matthieu","UserID":0,"level":"TRACE","thread_name":"main","class":"me.sanchez.logging.Applicationrepository","logger_name":"Write","@timestamp":"2022-12-16 13:58:10.973+0100"}
{"message":"addProduct","User":"Matthieu","UserID":0,"level":"TRACE","thread_name":"main","class":"me.sanchez.logging.Applicationrepository","logger_name":"Write","@timestamp":"2022-12-16 13:58:10.974+0100"}
{"message":"addProduct","User":"Matthieu","UserID":0,"level":"TRACE","thread_name":"main","class":"me.sanchez.logging.Applicationrepository","logger_name":"Write","@timestamp":"2022-12-16 13:58:10.974+0100"}
{"message":"addProduct","User":"Matthieu","UserID":0,"level":"TRACE","thread_name":"main","class":"me.sanchez.logging.Applicationrepository","logger_name":"Write","@timestamp":"2022-12-16 13:58:10.974+0100"}
{"message":"addProduct","User":"Matthieu","UserID":0,"level":"TRACE","thread_name":"main","class":"me.sanchez.logging.Applicationrepository","logger_name":"Write","@timestamp":"2022-12-16 13:58:10.974+0100"}
{"message":"addProduct","User":"Matthieu","UserID":0,"level":"TRACE","thread_name":"main","class":"me.sanchez.logging.Applicationrepository","logger_name":"Write","@timestamp":"2022-12-16 13:58:10.974+0100"}
{"message":"addProduct","User":"Matthieu","UserID":0,"level":"TRACE","thread_name":"main","class":"me.sanchez.logging.Applicationrepository","logger_name":"Write","@timestamp":"2022-12-16 13:58:10.974+0100"}
{"message":"addProduct","User":"Matthieu","UserID":0,"level":"TRACE","thread_name":"main","class":"me.sanchez.logging.Applicationrepository","logger_name":"Write","@timestamp":"2022-12-16 13:58:10.974+0100"}
{"message":"addProduct","User":"Matthieu","UserID":0,"level":"TRACE","thread_name":"main","class":"me.sanchez.logging.Applicationrepository","logger_name":"Write","@timestamp":"2022-12-16 13:58:10.974+0100"}
{"message":"addProduct","User":"Gaetan","UserID":5,"level":"TRACE","thread_name":"main","class":"me.sanchez.logging.Applicationrepository","logger_name":"Write","@timestamp":"2022-12-16 13:58:10.975+0100"}
{"message":"addProduct","User":"Gaetan","UserID":5,"level":"TRACE","thread_name":"main","class":"me.sanchez.logging.Applicationrepository","logger_name":"Write","@timestamp":"2022-12-16 13:58:10.975+0100"}
{"message":"addProduct","User":"Gaetan","UserID":5,"level":"TRACE","thread_name":"main","class":"me.sanchez.logging.Applicationrepository","logger_name":"Write","@timestamp":"2022-12-16 13:58:10.975+0100"}
{"message":"addProduct","User":"Gaetan","UserID":5,"level":"TRACE","thread_name":"main","class":"me.sanchez.logging.Applicationrepository","logger_name":"Write","@timestamp":"2022-12-16 13:58:10.975+0100"}
{"message":"addProduct","User":"Gaetan","UserID":5,"level":"TRACE","thread_name":"main","class":"me.sanchez.logging.Applicationrepository","logger_name":"Write","@timestamp":"2022-12-16 13:58:10.976+0100"}
{"message":"removeProduct","User":"Gaetan","UserID":5,"level":"TRACE","thread_name":"main","class":"me.sanchez.logging.Applicationrepository","logger_name":"Write","@timestamp":"2022-12-16 13:58:10.976+0100"}
{"message":"addProduct","User":"Gaetan","UserID":5,"level":"TRACE","thread_name":"main","class":"me.sanchez.logging.Applicationrepository","logger_name":"Write","@timestamp":"2022-12-16 13:58:10.976+0100"}
{"message":"addProduct","User":"Gaetan","UserID":5,"level":"TRACE","thread_name":"main","class":"me.sanchez.logging.Applicationrepository","logger_name":"Write","@timestamp":"2022-12-16 13:58:10.976+0100"}
{"message":"addProduct","User":"Gaetan","UserID":5,"level":"TRACE","thread_name":"main","class":"me.sanchez.logging.Applicationrepository","logger_name":"Write","@timestamp":"2022-12-16 13:58:10.976+0100"}
{"message":"addProduct","User":"Gaetan","UserID":5,"level":"TRACE","thread_name":"main","class":"me.sanchez.logging.Applicationrepository","logger_name":"Write","@timestamp":"2022-12-16 13:58:10.976+0100"}
{"message":"addProduct","User":"Gaetan","UserID":5,"level":"TRACE","thread_name":"main","class":"me.sanchez.logging.Applicationrepository","logger_name":"Write","@timestamp":"2022-12-16 13:58:10.977+0100"}
{"message":"removeProduct","User":"Gaetan","UserID":5,"level":"TRACE","thread_name":"main","class":"me.sanchez.logging.Applicationrepository","logger_name":"Write","@timestamp":"2022-12-16 13:58:10.984+0100"}
{"message":"removeProduct","User":"Lea","UserID":6,"level":"TRACE","thread_name":"main","class":"me.sanchez.logging.Applicationrepository","logger_name":"Write","@timestamp":"2022-12-16 13:58:10.984+0100"}
{"message":"removeProduct","User":"Lea","UserID":6,"level":"TRACE","thread_name":"main","class":"me.sanchez.logging.Applicationrepository","logger_name":"Write","@timestamp":"2022-12-16 13:58:10.985+0100"}
{"message":"removeProduct","User":"Lea","UserID":6,"level":"TRACE","thread_name":"main","class":"me.sanchez.logging.Applicationrepository","logger_name":"Write","@timestamp":"2022-12-16 13:58:10.985+0100"}
{"message":"removeProduct","User":"Lea","UserID":6,"level":"TRACE","thread_name":"main","class":"me.sanchez.logging.Applicationrepository","logger_name":"Write","@timestamp":"2022-12-16 13:58:10.985+0100"}
{"message":"removeProduct","User":"Lea","UserID":6,"level":"TRACE","thread_name":"main","class":"me.sanchez.logging.Applicationrepository","logger_name":"Write","@timestamp":"2022-12-16 13:58:10.985+0100"}
{"message":"removeProduct","User":"Lea","UserID":6,"level":"TRACE","thread_name":"main","class":"me.sanchez.logging.Applicationrepository","logger_name":"Write","@timestamp":"2022-12-16 13:58:10.985+0100"}
{"message":"removeProduct","User":"Lea","UserID":6,"level":"TRACE","thread_name":"main","class":"me.sanchez.logging.Applicationrepository","logger_name":"Write","@timestamp":"2022-12-16 13:58:10.985+0100"}
{"message":"removeProduct","User":"Lea","UserID":6,"level":"TRACE","thread_name":"main","class":"me.sanchez.logging.Applicationrepository","logger_name":"Write","@timestamp":"2022-12-16 13:58:10.985+0100"}
{"message":"removeProduct","User":"Lea","UserID":6,"level":"TRACE","thread_name":"main","class":"me.sanchez.logging.Applicationrepository","logger_name":"Write","@timestamp":"2022-12-16 13:58:10.985+0100"}
{"message":"removeProduct","User":"Lea","UserID":6,"level":"TRACE","thread_name":"main","class":"me.sanchez.logging.Applicationrepository","logger_name":"Write","@timestamp":"2022-12-16 13:58:10.985+0100"}
{"message":"addProduct","User":"Lea","UserID":6,"level":"TRACE","thread_name":"main","class":"me.sanchez.logging.Applicationrepository","logger_name":"Write","@timestamp":"2022-12-16 13:58:10.986+0100"}
{"message":"addProduct","User":"Lea","UserID":6,"level":"TRACE","thread_name":"main","class":"me.sanchez.logging.Applicationrepository","logger_name":"Write","@timestamp":"2022-12-16 13:58:10.986+0100"}
{"message":"addProduct","User":"Lea","UserID":6,"level":"TRACE","thread_name":"main","class":"me.sanchez.logging.Applicationrepository","logger_name":"Write","@timestamp":"2022-12-16 13:58:10.986+0100"}
{"message":"addProduct","User":"Lea","UserID":6,"level":"TRACE","thread_name":"main","class":"me.sanchez.logging.Applicationrepository","logger_name":"Write","@timestamp":"2022-12-16 13:58:10.986+0100"}
{"message":"addProduct","User":"Lea","UserID":6,"level":"TRACE","thread_name":"main","class":"me.sanchez.logging.Applicationrepository","logger_name":"Write","@timestamp":"2022-12-16 13:58:10.986+0100"}
{"message":"editProduct","User":"Lea","UserID":7,"level":"TRACE","thread_name":"main","class":"me.sanchez.logging.Applicationrepository","logger_name":"Write","@timestamp":"2022-12-16 13:58:10.987+0100"}
{"message":"editProduct","User":"Lea","UserID":7,"level":"TRACE","thread_name":"main","class":"me.sanchez.logging.Applicationrepository","logger_name":"Write","@timestamp":"2022-12-16 13:58:10.987+0100"}
{"message":"editProduct","User":"Lea","UserID":7,"level":"TRACE","thread_name":"main","class":"me.sanchez.logging.Applicationrepository","logger_name":"Write","@timestamp":"2022-12-16 13:58:10.987+0100"}
{"message":"editProduct","User":"Lea","UserID":7,"level":"TRACE","thread_name":"main","class":"me.sanchez.logging.Applicationrepository","logger_name":"Write","@timestamp":"2022-12-16 13:58:10.987+0100"}
{"message":"editProduct","User":"Lea","UserID":7,"level":"TRACE","thread_name":"main","class":"me.sanchez.logging.Applicationrepository","logger_name":"Write","@timestamp":"2022-12-16 13:58:10.987+0100"}
{"message":"editProduct","User":"Lea","UserID":7,"level":"TRACE","thread_name":"main","class":"me.sanchez.logging.Applicationrepository","logger_name":"Write","@timestamp":"2022-12-16 13:58:10.987+0100"}
{"message":"addProduct","User":"Lea","UserID":7,"level":"TRACE","thread_name":"main","class":"me.sanchez.logging.Applicationrepository","logger_name":"Write","@timestamp":"2022-12-16 13:58:10.987+0100"}
{"message":"addProduct","User":"Lea","UserID":7,"level":"TRACE","thread_name":"main","class":"me.sanchez.logging.Applicationrepository","logger_name":"Write","@timestamp":"2022-12-16 13:58:10.987+0100"}
{"message":"addProduct","User":"Lea","UserID":7,"level":"TRACE","thread_name":"main","class":"me.sanchez.logging.Applicationrepository","logger_name":"Write","@timestamp":"2022-12-16 13:58:10.987+0100"}
{"message":"addProduct","User":"Lea","UserID":7,"level":"TRACE","thread_name":"main","class":"me.sanchez.logging.Applicationrepository","logger_name":"Write","@timestamp":"2022-12-16 13:58:10.987+0100"}
{"message":"addProduct","User":"Lea","UserID":7,"level":"TRACE","thread_name":"main","class":"me.sanchez.logging.Applicationrepository","logger_name":"Write","@timestamp":"2022-12-16 13:58:10.987+0100"}
{"message":"editProduct","User":"Lea","UserID":7,"level":"TRACE","thread_name":"main","class":"me.sanchez.logging.Applicationrepository","logger_name":"Write","@timestamp":"2022-12-16 13:58:10.987+0100"}
{"message":"editProduct","User":"Lea","UserID":7,"level":"TRACE","thread_name":"main","class":"me.sanchez.logging.Applicationrepository","logger_name":"Write","@timestamp":"2022-12-16 13:58:10.988+0100"}
{"message":"removeProduct","User":"Lea","UserID":7,"level":"TRACE","thread_name":"main","class":"me.sanchez.logging.Applicationrepository","logger_name":"Write","@timestamp":"2022-12-16 13:58:10.988+0100"}
{"message":"editProduct","User":"Arthur","UserID":8,"level":"TRACE","thread_name":"main","class":"me.sanchez.logging.Applicationrepository","logger_name":"Write","@timestamp":"2022-12-16 13:58:10.989+0100"}
{"message":"addProduct","User":"Arthur","UserID":8,"level":"TRACE","thread_name":"main","class":"me.sanchez.logging.Applicationrepository","logger_name":"Write","@timestamp":"2022-12-16 13:58:10.989+0100"}
{"message":"addProduct","User":"Arthur","UserID":8,"level":"TRACE","thread_name":"main","class":"me.sanchez.logging.Applicationrepository","logger_name":"Write","@timestamp":"2022-12-16 13:58:10.989+0100"}
{"message":"addProduct","User":"Arthur","UserID":8,"level":"TRACE","thread_name":"main","class":"me.sanchez.logging.Applicationrepository","logger_name":"Write","@timestamp":"2022-12-16 13:58:10.989+0100"}
{"message":"addProduct","User":"Arthur","UserID":8,"level":"TRACE","thread_name":"main","class":"me.sanchez.logging.Applicationrepository","logger_name":"Write","@timestamp":"2022-12-16 13:58:10.989+0100"}
{"message":"addProduct","User":"Arthur","UserID":8,"level":"TRACE","thread_name":"main","class":"me.sanchez.logging.Applicationrepository","logger_name":"Write","@timestamp":"2022-12-16 13:58:10.989+0100"}
{"message":"addProduct","User":"Marie-Lou","UserID":9,"level":"TRACE","thread_name":"main","class":"me.sanchez.logging.Applicationrepository","logger_name":"Write","@timestamp":"2022-12-16 13:58:10.989+0100"}
{"message":"addProduct","User":"Marie-Lou","UserID":9,"level":"TRACE","thread_name":"main","class":"me.sanchez.logging.Applicationrepository","logger_name":"Write","@timestamp":"2022-12-16 13:58:10.990+0100"}
{"message":"addProduct","User":"Marie-Lou","UserID":9,"level":"TRACE","thread_name":"main","class":"me.sanchez.logging.Applicationrepository","logger_name":"Write","@timestamp":"2022-12-16 13:58:10.990+0100"}
{"message":"addProduct","User":"Marie-Lou","UserID":9,"level":"TRACE","thread_name":"main","class":"me.sanchez.logging.Applicationrepository","logger_name":"Write","@timestamp":"2022-12-16 13:58:10.990+0100"}
{"message":"addProduct","User":"Marie-Lou","UserID":9,"level":"TRACE","thread_name":"main","class":"me.sanchez.logging.Applicationrepository","logger_name":"Write","@timestamp":"2022-12-16 13:58:10.990+0100"}
{"message":"editProduct","User":"Marie-Lou","UserID":9,"level":"TRACE","thread_name":"main","class":"me.sanchez.logging.Applicationrepository","logger_name":"Write","@timestamp":"2022-12-16 13:58:10.990+0100"}
{"message":"addProduct","User":"Marie-Lou","UserID":9,"level":"TRACE","thread_name":"main","class":"me.sanchez.logging.Applicationrepository","logger_name":"Write","@timestamp":"2022-12-16 13:58:10.990+0100"}
{"message":"addProduct","User":"Marie-Lou","UserID":9,"level":"TRACE","thread_name":"main","class":"me.sanchez.logging.Applicationrepository","logger_name":"Write","@timestamp":"2022-12-16 13:58:10.990+0100"}
{"message":"addProduct","User":"Marie-Lou","UserID":9,"level":"TRACE","thread_name":"main","class":"me.sanchez.logging.Applicationrepository","logger_name":"Write","@timestamp":"2022-12-16 13:58:10.990+0100"}
{"message":"addProduct","User":"Marie-Lou","UserID":9,"level":"TRACE","thread_name":"main","class":"me.sanchez.logging.Applicationrepository","logger_name":"Write","@timestamp":"2022-12-16 13:58:10.990+0100"}
{"message":"addProduct","User":"Marie-Lou","UserID":9,"level":"TRACE","thread_name":"main","class":"me.sanchez.logging.Applicationrepository","logger_name":"Write","@timestamp":"2022-12-16 13:58:10.990+0100"}
{"message":"removeProduct","User":"Marie-Lou","UserID":9,"level":"TRACE","thread_name":"main","class":"me.sanchez.logging.Applicationrepository","logger_name":"Write","@timestamp":"2022-12-16 13:58:10.991+0100"}
