{"message":"getProductById","User":"Matthieu","UserID":0,"Product":"concombre","ProductID":1,"Price":10.0,"level":"TRACE","thread_name":"main","class":"me.sanchez.logging.Applicationrepository","logger_name":"Price","@timestamp":"2022-12-20 12:27:53.145+0100"}
{"message":"getProductById","User":"Matthieu","UserID":0,"Product":"lettre","ProductID":2,"Price":1.0,"level":"TRACE","thread_name":"main","class":"me.sanchez.logging.Applicationrepository","logger_name":"Price","@timestamp":"2022-12-20 12:27:53.147+0100"}
{"message":"getProductById","User":"Matthieu","UserID":0,"Product":"Pates","ProductID":10,"Price":6.0,"level":"TRACE","thread_name":"main","class":"me.sanchez.logging.Applicationrepository","logger_name":"Price","@timestamp":"2022-12-20 12:27:53.149+0100"}
{"message":"getProductById","User":"Matthieu","UserID":0,"Product":"Riz","ProductID":9,"Price":5.0,"level":"TRACE","thread_name":"main","class":"me.sanchez.logging.Applicationrepository","logger_name":"Price","@timestamp":"2022-12-20 12:27:53.151+0100"}
{"message":"getProductById","User":"Martin","UserID":1,"Product":"Patates","ProductID":8,"Price":4.0,"level":"TRACE","thread_name":"main","class":"me.sanchez.logging.Applicationrepository","logger_name":"Price","@timestamp":"2022-12-20 12:27:53.154+0100"}
{"message":"getProductById","User":"Martin","UserID":1,"Product":"Pommes","ProductID":7,"Price":1.0,"level":"TRACE","thread_name":"main","class":"me.sanchez.logging.Applicationrepository","logger_name":"Price","@timestamp":"2022-12-20 12:27:53.154+0100"}
{"message":"getProductById","User":"Martin","UserID":1,"Product":"ecouteur","ProductID":10,"Price":10.0,"level":"TRACE","thread_name":"main","class":"me.sanchez.logging.Applicationrepository","logger_name":"Price","@timestamp":"2022-12-20 12:27:53.155+0100"}
{"message":"getProductById","User":"Martin","UserID":1,"Product":"Viande","ProductID":0,"Price":15.0,"level":"TRACE","thread_name":"main","class":"me.sanchez.logging.Applicationrepository","logger_name":"Price","@timestamp":"2022-12-20 12:27:53.155+0100"}
{"message":"getProductById","User":"Martin","UserID":1,"Product":"Patates","ProductID":8,"Price":4.0,"level":"TRACE","thread_name":"main","class":"me.sanchez.logging.Applicationrepository","logger_name":"Price","@timestamp":"2022-12-20 12:27:53.156+0100"}
{"message":"getProductById","User":"Martin","UserID":1,"Product":"Pommes","ProductID":7,"Price":1.0,"level":"TRACE","thread_name":"main","class":"me.sanchez.logging.Applicationrepository","logger_name":"Price","@timestamp":"2022-12-20 12:27:53.157+0100"}
{"message":"getProductById","User":"Martin","UserID":1,"Product":"Tomates","ProductID":6,"Price":3.0,"level":"TRACE","thread_name":"main","class":"me.sanchez.logging.Applicationrepository","logger_name":"Price","@timestamp":"2022-12-20 12:27:53.157+0100"}
{"message":"getProductById","User":"Martin","UserID":1,"Product":"Andives","ProductID":5,"Price":2.0,"level":"TRACE","thread_name":"main","class":"me.sanchez.logging.Applicationrepository","logger_name":"Price","@timestamp":"2022-12-20 12:27:53.158+0100"}
{"message":"getProductById","User":"Martin","UserID":1,"Product":"lampe","ProductID":4,"Price":15.0,"level":"TRACE","thread_name":"main","class":"me.sanchez.logging.Applicationrepository","logger_name":"Price","@timestamp":"2022-12-20 12:27:53.158+0100"}
{"message":"getProductById","User":"Martin","UserID":1,"Product":"ordinateur","ProductID":3,"Price":16.0,"level":"TRACE","thread_name":"main","class":"me.sanchez.logging.Applicationrepository","logger_name":"Price","@timestamp":"2022-12-20 12:27:53.159+0100"}
{"message":"getProductById","User":"Martin","UserID":1,"Product":"Viande","ProductID":0,"Price":15.0,"level":"TRACE","thread_name":"main","class":"me.sanchez.logging.Applicationrepository","logger_name":"Price","@timestamp":"2022-12-20 12:27:53.160+0100"}
{"message":"getProductById","User":"Martin","UserID":1,"Product":"feuille","ProductID":1,"Price":10.0,"level":"TRACE","thread_name":"main","class":"me.sanchez.logging.Applicationrepository","logger_name":"Price","@timestamp":"2022-12-20 12:27:53.162+0100"}
{"message":"getProductById","User":"Lucie","UserID":2,"Product":"Poivrons","ProductID":11,"Price":7.0,"level":"TRACE","thread_name":"main","class":"me.sanchez.logging.Applicationrepository","logger_name":"Price","@timestamp":"2022-12-20 12:27:53.163+0100"}
{"message":"getProductById","User":"Lucie","UserID":2,"Product":"lampe","ProductID":4,"Price":15.0,"level":"TRACE","thread_name":"main","class":"me.sanchez.logging.Applicationrepository","logger_name":"Price","@timestamp":"2022-12-20 12:27:53.163+0100"}
{"message":"getProductById","User":"Lucie","UserID":2,"Product":"Viande","ProductID":0,"Price":15.0,"level":"TRACE","thread_name":"main","class":"me.sanchez.logging.Applicationrepository","logger_name":"Price","@timestamp":"2022-12-20 12:27:53.164+0100"}
{"message":"getProductById","User":"Lucie","UserID":2,"Product":"Patates","ProductID":8,"Price":4.0,"level":"TRACE","thread_name":"main","class":"me.sanchez.logging.Applicationrepository","logger_name":"Price","@timestamp":"2022-12-20 12:27:53.165+0100"}
{"message":"getProductById","User":"Lucie","UserID":2,"Product":"Tomates","ProductID":6,"Price":3.0,"level":"TRACE","thread_name":"main","class":"me.sanchez.logging.Applicationrepository","logger_name":"Price","@timestamp":"2022-12-20 12:27:53.165+0100"}
{"message":"getProductById","User":"Lucie","UserID":2,"Product":"Viande","ProductID":0,"Price":15.0,"level":"TRACE","thread_name":"main","class":"me.sanchez.logging.Applicationrepository","logger_name":"Price","@timestamp":"2022-12-20 12:27:53.168+0100"}
{"message":"getProductById","User":"Lucie","UserID":2,"Product":"feuille","ProductID":1,"Price":10.0,"level":"TRACE","thread_name":"main","class":"me.sanchez.logging.Applicationrepository","logger_name":"Price","@timestamp":"2022-12-20 12:27:53.168+0100"}
{"message":"getProductById","User":"Celine","UserID":3,"Product":"Viande","ProductID":0,"Price":15.0,"level":"TRACE","thread_name":"main","class":"me.sanchez.logging.Applicationrepository","logger_name":"Price","@timestamp":"2022-12-20 12:27:53.169+0100"}
{"message":"getProductById","User":"Celine","UserID":3,"Product":"Tomates","ProductID":6,"Price":3.0,"level":"TRACE","thread_name":"main","class":"me.sanchez.logging.Applicationrepository","logger_name":"Price","@timestamp":"2022-12-20 12:27:53.169+0100"}
{"message":"getProductById","User":"Celine","UserID":3,"Product":"Viande","ProductID":0,"Price":15.0,"level":"TRACE","thread_name":"main","class":"me.sanchez.logging.Applicationrepository","logger_name":"Price","@timestamp":"2022-12-20 12:27:53.169+0100"}
{"message":"getProductById","User":"Celine","UserID":3,"Product":"Viande","ProductID":0,"Price":15.0,"level":"TRACE","thread_name":"main","class":"me.sanchez.logging.Applicationrepository","logger_name":"Price","@timestamp":"2022-12-20 12:27:53.170+0100"}
{"message":"getProductById","User":"Celine","UserID":3,"Product":"ordinateur","ProductID":3,"Price":16.0,"level":"TRACE","thread_name":"main","class":"me.sanchez.logging.Applicationrepository","logger_name":"Price","@timestamp":"2022-12-20 12:27:53.170+0100"}
{"message":"getProductById","User":"Celine","UserID":3,"Product":"ordinateur","ProductID":3,"Price":16.0,"level":"TRACE","thread_name":"main","class":"me.sanchez.logging.Applicationrepository","logger_name":"Price","@timestamp":"2022-12-20 12:27:53.170+0100"}
{"message":"getProductById","User":"Celine","UserID":3,"Product":"lampe","ProductID":4,"Price":15.0,"level":"TRACE","thread_name":"main","class":"me.sanchez.logging.Applicationrepository","logger_name":"Price","@timestamp":"2022-12-20 12:27:53.170+0100"}
{"message":"getProductById","User":"Celine","UserID":3,"Product":"Tomates","ProductID":6,"Price":3.0,"level":"TRACE","thread_name":"main","class":"me.sanchez.logging.Applicationrepository","logger_name":"Price","@timestamp":"2022-12-20 12:27:53.171+0100"}
{"message":"getProductById","User":"Celine","UserID":3,"Product":"Tomates","ProductID":6,"Price":3.0,"level":"TRACE","thread_name":"main","class":"me.sanchez.logging.Applicationrepository","logger_name":"Price","@timestamp":"2022-12-20 12:27:53.171+0100"}
{"message":"getProductById","User":"Celine","UserID":3,"Product":"Pommes","ProductID":7,"Price":1.0,"level":"TRACE","thread_name":"main","class":"me.sanchez.logging.Applicationrepository","logger_name":"Price","@timestamp":"2022-12-20 12:27:53.172+0100"}
{"message":"getProductById","User":"Celine","UserID":3,"Product":"multi-prise","ProductID":8,"Price":12.0,"level":"TRACE","thread_name":"main","class":"me.sanchez.logging.Applicationrepository","logger_name":"Price","@timestamp":"2022-12-20 12:27:53.172+0100"}
{"message":"getProductById","User":"Celine","UserID":3,"Product":"Viande","ProductID":0,"Price":15.0,"level":"TRACE","thread_name":"main","class":"me.sanchez.logging.Applicationrepository","logger_name":"Price","@timestamp":"2022-12-20 12:27:53.173+0100"}
{"message":"getProductById","User":"Celine","UserID":3,"Product":"ordinateur","ProductID":3,"Price":16.0,"level":"TRACE","thread_name":"main","class":"me.sanchez.logging.Applicationrepository","logger_name":"Price","@timestamp":"2022-12-20 12:27:53.173+0100"}
{"message":"getProductById","User":"Celine","UserID":3,"Product":"ordinateur","ProductID":3,"Price":16.0,"level":"TRACE","thread_name":"main","class":"me.sanchez.logging.Applicationrepository","logger_name":"Price","@timestamp":"2022-12-20 12:27:53.174+0100"}
{"message":"getProductById","User":"Celine","UserID":3,"Product":"ordinateur","ProductID":3,"Price":16.0,"level":"TRACE","thread_name":"main","class":"me.sanchez.logging.Applicationrepository","logger_name":"Price","@timestamp":"2022-12-20 12:27:53.174+0100"}
{"message":"getProductById","User":"Celine","UserID":3,"Product":"lampe","ProductID":4,"Price":15.0,"level":"TRACE","thread_name":"main","class":"me.sanchez.logging.Applicationrepository","logger_name":"Price","@timestamp":"2022-12-20 12:27:53.175+0100"}
{"message":"getProductById","User":"Gaetan","UserID":5,"Product":"ESP32","ProductID":20,"Price":30.0,"level":"TRACE","thread_name":"main","class":"me.sanchez.logging.Applicationrepository","logger_name":"Price","@timestamp":"2022-12-20 12:27:53.180+0100"}
{"message":"getProductById","User":"Gaetan","UserID":5,"Product":"arduino","ProductID":21,"Price":35.0,"level":"TRACE","thread_name":"main","class":"me.sanchez.logging.Applicationrepository","logger_name":"Price","@timestamp":"2022-12-20 12:27:53.181+0100"}
{"message":"getProductById","User":"Gaetan","UserID":5,"Product":"mouchoir","ProductID":22,"Price":2.0,"level":"TRACE","thread_name":"main","class":"me.sanchez.logging.Applicationrepository","logger_name":"Price","@timestamp":"2022-12-20 12:27:53.182+0100"}
{"message":"getProductById","User":"Gaetan","UserID":5,"Product":"torchon","ProductID":23,"Price":6.0,"level":"TRACE","thread_name":"main","class":"me.sanchez.logging.Applicationrepository","logger_name":"Price","@timestamp":"2022-12-20 12:27:53.183+0100"}
{"message":"getProductById","User":"Lea","UserID":6,"Product":"arbre","ProductID":31,"Price":75.0,"level":"TRACE","thread_name":"main","class":"me.sanchez.logging.Applicationrepository","logger_name":"Price","@timestamp":"2022-12-20 12:27:53.187+0100"}
{"message":"getProductById","User":"Lea","UserID":6,"Product":"telecomande","ProductID":32,"Price":4.0,"level":"TRACE","thread_name":"main","class":"me.sanchez.logging.Applicationrepository","logger_name":"Price","@timestamp":"2022-12-20 12:27:53.188+0100"}
{"message":"getProductById","User":"Arthur","UserID":8,"Product":"pull","ProductID":37,"Price":20.0,"level":"TRACE","thread_name":"main","class":"me.sanchez.logging.Applicationrepository","logger_name":"Price","@timestamp":"2022-12-20 12:27:53.193+0100"}
{"message":"getProductById","User":"Arthur","UserID":8,"Product":"blouson","ProductID":38,"Price":30.0,"level":"TRACE","thread_name":"main","class":"me.sanchez.logging.Applicationrepository","logger_name":"Price","@timestamp":"2022-12-20 12:27:53.193+0100"}
{"message":"getProductById","User":"Arthur","UserID":8,"Product":"trousse","ProductID":39,"Price":6.0,"level":"TRACE","thread_name":"main","class":"me.sanchez.logging.Applicationrepository","logger_name":"Price","@timestamp":"2022-12-20 12:27:53.195+0100"}
{"message":"getProductById","User":"Arthur","UserID":8,"Product":"bouton","ProductID":40,"Price":1.0,"level":"TRACE","thread_name":"main","class":"me.sanchez.logging.Applicationrepository","logger_name":"Price","@timestamp":"2022-12-20 12:27:53.195+0100"}
{"message":"getProductById","User":"Marie-Lou","UserID":9,"Product":"enceinte","ProductID":41,"Price":60.0,"level":"TRACE","thread_name":"main","class":"me.sanchez.logging.Applicationrepository","logger_name":"Price","@timestamp":"2022-12-20 12:27:53.196+0100"}
{"message":"getProductById","User":"Marie-Lou","UserID":9,"Product":"boeuf","ProductID":42,"Price":15.0,"level":"TRACE","thread_name":"main","class":"me.sanchez.logging.Applicationrepository","logger_name":"Price","@timestamp":"2022-12-20 12:27:53.199+0100"}
{"message":"getProductById","User":"Marie-Lou","UserID":9,"Product":"cochon","ProductID":43,"Price":15.0,"level":"TRACE","thread_name":"main","class":"me.sanchez.logging.Applicationrepository","logger_name":"Price","@timestamp":"2022-12-20 12:27:53.200+0100"}
