{"message":"getProducts","User":"Matthieu","UserID":0,"level":"TRACE","thread_name":"main","class":"me.sanchez.logging.Applicationrepository","logger_name":"Read","@timestamp":"2022-12-20 12:27:53.121+0100"}
{"message":"getProducts","User":"Matthieu","UserID":0,"level":"TRACE","thread_name":"main","class":"me.sanchez.logging.Applicationrepository","logger_name":"Read","@timestamp":"2022-12-20 12:27:53.144+0100"}
{"message":"getProductById","User":"Matthieu","UserID":0,"level":"TRACE","thread_name":"main","class":"me.sanchez.logging.Applicationrepository","logger_name":"Read","@timestamp":"2022-12-20 12:27:53.145+0100"}
{"message":"getProductById","User":"Matthieu","UserID":0,"level":"TRACE","thread_name":"main","class":"me.sanchez.logging.Applicationrepository","logger_name":"Read","@timestamp":"2022-12-20 12:27:53.146+0100"}
{"message":"getProducts","User":"Matthieu","UserID":0,"level":"TRACE","thread_name":"main","class":"me.sanchez.logging.Applicationrepository","logger_name":"Read","@timestamp":"2022-12-20 12:27:53.149+0100"}
{"message":"getProductById","User":"Matthieu","UserID":0,"level":"TRACE","thread_name":"main","class":"me.sanchez.logging.Applicationrepository","logger_name":"Read","@timestamp":"2022-12-20 12:27:53.149+0100"}
{"message":"getProductById","User":"Matthieu","UserID":0,"level":"TRACE","thread_name":"main","class":"me.sanchez.logging.Applicationrepository","logger_name":"Read","@timestamp":"2022-12-20 12:27:53.150+0100"}
{"message":"getProducts","User":"Martin","UserID":1,"level":"TRACE","thread_name":"main","class":"me.sanchez.logging.Applicationrepository","logger_name":"Read","@timestamp":"2022-12-20 12:27:53.152+0100"}
{"message":"getProductById","User":"Martin","UserID":1,"level":"TRACE","thread_name":"main","class":"me.sanchez.logging.Applicationrepository","logger_name":"Read","@timestamp":"2022-12-20 12:27:53.153+0100"}
{"message":"getProductById","User":"Martin","UserID":1,"level":"TRACE","thread_name":"main","class":"me.sanchez.logging.Applicationrepository","logger_name":"Read","@timestamp":"2022-12-20 12:27:53.154+0100"}
{"message":"getProductById","User":"Martin","UserID":1,"level":"TRACE","thread_name":"main","class":"me.sanchez.logging.Applicationrepository","logger_name":"Read","@timestamp":"2022-12-20 12:27:53.154+0100"}
{"message":"getProductById","User":"Martin","UserID":1,"level":"TRACE","thread_name":"main","class":"me.sanchez.logging.Applicationrepository","logger_name":"Read","@timestamp":"2022-12-20 12:27:53.155+0100"}
{"message":"getProductById","User":"Martin","UserID":1,"level":"TRACE","thread_name":"main","class":"me.sanchez.logging.Applicationrepository","logger_name":"Read","@timestamp":"2022-12-20 12:27:53.156+0100"}
{"message":"getProductById","User":"Martin","UserID":1,"level":"TRACE","thread_name":"main","class":"me.sanchez.logging.Applicationrepository","logger_name":"Read","@timestamp":"2022-12-20 12:27:53.157+0100"}
{"message":"getProductById","User":"Martin","UserID":1,"level":"TRACE","thread_name":"main","class":"me.sanchez.logging.Applicationrepository","logger_name":"Read","@timestamp":"2022-12-20 12:27:53.157+0100"}
{"message":"getProductById","User":"Martin","UserID":1,"level":"TRACE","thread_name":"main","class":"me.sanchez.logging.Applicationrepository","logger_name":"Read","@timestamp":"2022-12-20 12:27:53.157+0100"}
{"message":"getProductById","User":"Martin","UserID":1,"level":"TRACE","thread_name":"main","class":"me.sanchez.logging.Applicationrepository","logger_name":"Read","@timestamp":"2022-12-20 12:27:53.158+0100"}
{"message":"getProductById","User":"Martin","UserID":1,"level":"TRACE","thread_name":"main","class":"me.sanchez.logging.Applicationrepository","logger_name":"Read","@timestamp":"2022-12-20 12:27:53.159+0100"}
{"message":"getProducts","User":"Martin","UserID":1,"level":"TRACE","thread_name":"main","class":"me.sanchez.logging.Applicationrepository","logger_name":"Read","@timestamp":"2022-12-20 12:27:53.159+0100"}
{"message":"getProductById","User":"Martin","UserID":1,"level":"TRACE","thread_name":"main","class":"me.sanchez.logging.Applicationrepository","logger_name":"Read","@timestamp":"2022-12-20 12:27:53.160+0100"}
{"message":"getProductById","User":"Martin","UserID":1,"level":"TRACE","thread_name":"main","class":"me.sanchez.logging.Applicationrepository","logger_name":"Read","@timestamp":"2022-12-20 12:27:53.160+0100"}
{"message":"getProducts","User":"Lucie","UserID":2,"level":"TRACE","thread_name":"main","class":"me.sanchez.logging.Applicationrepository","logger_name":"Read","@timestamp":"2022-12-20 12:27:53.162+0100"}
{"message":"getProductById","User":"Lucie","UserID":2,"level":"TRACE","thread_name":"main","class":"me.sanchez.logging.Applicationrepository","logger_name":"Read","@timestamp":"2022-12-20 12:27:53.163+0100"}
{"message":"getProductById","User":"Lucie","UserID":2,"level":"TRACE","thread_name":"main","class":"me.sanchez.logging.Applicationrepository","logger_name":"Read","@timestamp":"2022-12-20 12:27:53.163+0100"}
{"message":"getProductById","User":"Lucie","UserID":2,"level":"TRACE","thread_name":"main","class":"me.sanchez.logging.Applicationrepository","logger_name":"Read","@timestamp":"2022-12-20 12:27:53.164+0100"}
{"message":"getProducts","User":"Lucie","UserID":2,"level":"TRACE","thread_name":"main","class":"me.sanchez.logging.Applicationrepository","logger_name":"Read","@timestamp":"2022-12-20 12:27:53.164+0100"}
{"message":"getProductById","User":"Lucie","UserID":2,"level":"TRACE","thread_name":"main","class":"me.sanchez.logging.Applicationrepository","logger_name":"Read","@timestamp":"2022-12-20 12:27:53.165+0100"}
{"message":"getProductById","User":"Lucie","UserID":2,"level":"TRACE","thread_name":"main","class":"me.sanchez.logging.Applicationrepository","logger_name":"Read","@timestamp":"2022-12-20 12:27:53.165+0100"}
{"message":"getProducts","User":"Lucie","UserID":2,"level":"TRACE","thread_name":"main","class":"me.sanchez.logging.Applicationrepository","logger_name":"Read","@timestamp":"2022-12-20 12:27:53.167+0100"}
{"message":"getProductById","User":"Lucie","UserID":2,"level":"TRACE","thread_name":"main","class":"me.sanchez.logging.Applicationrepository","logger_name":"Read","@timestamp":"2022-12-20 12:27:53.167+0100"}
{"message":"getProductById","User":"Lucie","UserID":2,"level":"TRACE","thread_name":"main","class":"me.sanchez.logging.Applicationrepository","logger_name":"Read","@timestamp":"2022-12-20 12:27:53.168+0100"}
{"message":"getProducts","User":"Celine","UserID":3,"level":"TRACE","thread_name":"main","class":"me.sanchez.logging.Applicationrepository","logger_name":"Read","@timestamp":"2022-12-20 12:27:53.168+0100"}
{"message":"getProductById","User":"Celine","UserID":3,"level":"TRACE","thread_name":"main","class":"me.sanchez.logging.Applicationrepository","logger_name":"Read","@timestamp":"2022-12-20 12:27:53.169+0100"}
{"message":"getProductById","User":"Celine","UserID":3,"level":"TRACE","thread_name":"main","class":"me.sanchez.logging.Applicationrepository","logger_name":"Read","@timestamp":"2022-12-20 12:27:53.169+0100"}
{"message":"getProductById","User":"Celine","UserID":3,"level":"TRACE","thread_name":"main","class":"me.sanchez.logging.Applicationrepository","logger_name":"Read","@timestamp":"2022-12-20 12:27:53.169+0100"}
{"message":"getProductById","User":"Celine","UserID":3,"level":"TRACE","thread_name":"main","class":"me.sanchez.logging.Applicationrepository","logger_name":"Read","@timestamp":"2022-12-20 12:27:53.169+0100"}
{"message":"getProductById","User":"Celine","UserID":3,"level":"TRACE","thread_name":"main","class":"me.sanchez.logging.Applicationrepository","logger_name":"Read","@timestamp":"2022-12-20 12:27:53.170+0100"}
{"message":"getProductById","User":"Celine","UserID":3,"level":"TRACE","thread_name":"main","class":"me.sanchez.logging.Applicationrepository","logger_name":"Read","@timestamp":"2022-12-20 12:27:53.170+0100"}
{"message":"getProductById","User":"Celine","UserID":3,"level":"TRACE","thread_name":"main","class":"me.sanchez.logging.Applicationrepository","logger_name":"Read","@timestamp":"2022-12-20 12:27:53.170+0100"}
{"message":"getProductById","User":"Celine","UserID":3,"level":"TRACE","thread_name":"main","class":"me.sanchez.logging.Applicationrepository","logger_name":"Read","@timestamp":"2022-12-20 12:27:53.171+0100"}
{"message":"getProductById","User":"Celine","UserID":3,"level":"TRACE","thread_name":"main","class":"me.sanchez.logging.Applicationrepository","logger_name":"Read","@timestamp":"2022-12-20 12:27:53.171+0100"}
{"message":"getProductById","User":"Celine","UserID":3,"level":"TRACE","thread_name":"main","class":"me.sanchez.logging.Applicationrepository","logger_name":"Read","@timestamp":"2022-12-20 12:27:53.171+0100"}
{"message":"getProducts","User":"Celine","UserID":3,"level":"TRACE","thread_name":"main","class":"me.sanchez.logging.Applicationrepository","logger_name":"Read","@timestamp":"2022-12-20 12:27:53.172+0100"}
{"message":"getProductById","User":"Celine","UserID":3,"level":"TRACE","thread_name":"main","class":"me.sanchez.logging.Applicationrepository","logger_name":"Read","@timestamp":"2022-12-20 12:27:53.172+0100"}
{"message":"getProductById","User":"Celine","UserID":3,"level":"TRACE","thread_name":"main","class":"me.sanchez.logging.Applicationrepository","logger_name":"Read","@timestamp":"2022-12-20 12:27:53.173+0100"}
{"message":"getProductById","User":"Celine","UserID":3,"level":"TRACE","thread_name":"main","class":"me.sanchez.logging.Applicationrepository","logger_name":"Read","@timestamp":"2022-12-20 12:27:53.173+0100"}
{"message":"getProductById","User":"Celine","UserID":3,"level":"TRACE","thread_name":"main","class":"me.sanchez.logging.Applicationrepository","logger_name":"Read","@timestamp":"2022-12-20 12:27:53.174+0100"}
{"message":"getProductById","User":"Celine","UserID":3,"level":"TRACE","thread_name":"main","class":"me.sanchez.logging.Applicationrepository","logger_name":"Read","@timestamp":"2022-12-20 12:27:53.174+0100"}
{"message":"getProductById","User":"Celine","UserID":3,"level":"TRACE","thread_name":"main","class":"me.sanchez.logging.Applicationrepository","logger_name":"Read","@timestamp":"2022-12-20 12:27:53.175+0100"}
{"message":"getProducts","User":"Matthieu","UserID":0,"level":"TRACE","thread_name":"main","class":"me.sanchez.logging.Applicationrepository","logger_name":"Read","@timestamp":"2022-12-20 12:27:53.176+0100"}
{"message":"getProducts","User":"Matthieu","UserID":0,"level":"TRACE","thread_name":"main","class":"me.sanchez.logging.Applicationrepository","logger_name":"Read","@timestamp":"2022-12-20 12:27:53.179+0100"}
{"message":"getProducts","User":"Gaetan","UserID":5,"level":"TRACE","thread_name":"main","class":"me.sanchez.logging.Applicationrepository","logger_name":"Read","@timestamp":"2022-12-20 12:27:53.179+0100"}
{"message":"getProducts","User":"Gaetan","UserID":5,"level":"TRACE","thread_name":"main","class":"me.sanchez.logging.Applicationrepository","logger_name":"Read","@timestamp":"2022-12-20 12:27:53.180+0100"}
{"message":"getProductById","User":"Gaetan","UserID":5,"level":"TRACE","thread_name":"main","class":"me.sanchez.logging.Applicationrepository","logger_name":"Read","@timestamp":"2022-12-20 12:27:53.180+0100"}
{"message":"getProductById","User":"Gaetan","UserID":5,"level":"TRACE","thread_name":"main","class":"me.sanchez.logging.Applicationrepository","logger_name":"Read","@timestamp":"2022-12-20 12:27:53.181+0100"}
{"message":"getProducts","User":"Gaetan","UserID":5,"level":"TRACE","thread_name":"main","class":"me.sanchez.logging.Applicationrepository","logger_name":"Read","@timestamp":"2022-12-20 12:27:53.182+0100"}
{"message":"getProductById","User":"Gaetan","UserID":5,"level":"TRACE","thread_name":"main","class":"me.sanchez.logging.Applicationrepository","logger_name":"Read","@timestamp":"2022-12-20 12:27:53.182+0100"}
{"message":"getProductById","User":"Gaetan","UserID":5,"level":"TRACE","thread_name":"main","class":"me.sanchez.logging.Applicationrepository","logger_name":"Read","@timestamp":"2022-12-20 12:27:53.182+0100"}
{"message":"getProducts","User":"Lea","UserID":6,"level":"TRACE","thread_name":"main","class":"me.sanchez.logging.Applicationrepository","logger_name":"Read","@timestamp":"2022-12-20 12:27:53.183+0100"}
{"message":"getProducts","User":"Lea","UserID":6,"level":"TRACE","thread_name":"main","class":"me.sanchez.logging.Applicationrepository","logger_name":"Read","@timestamp":"2022-12-20 12:27:53.185+0100"}
{"message":"getProducts","User":"Lea","UserID":6,"level":"TRACE","thread_name":"main","class":"me.sanchez.logging.Applicationrepository","logger_name":"Read","@timestamp":"2022-12-20 12:27:53.187+0100"}
{"message":"getProductById","User":"Lea","UserID":6,"level":"TRACE","thread_name":"main","class":"me.sanchez.logging.Applicationrepository","logger_name":"Read","@timestamp":"2022-12-20 12:27:53.187+0100"}
{"message":"getProductById","User":"Lea","UserID":6,"level":"TRACE","thread_name":"main","class":"me.sanchez.logging.Applicationrepository","logger_name":"Read","@timestamp":"2022-12-20 12:27:53.187+0100"}
{"message":"getProducts","User":"Lea","UserID":7,"level":"TRACE","thread_name":"main","class":"me.sanchez.logging.Applicationrepository","logger_name":"Read","@timestamp":"2022-12-20 12:27:53.191+0100"}
{"message":"getProducts","User":"Arthur","UserID":8,"level":"TRACE","thread_name":"main","class":"me.sanchez.logging.Applicationrepository","logger_name":"Read","@timestamp":"2022-12-20 12:27:53.192+0100"}
{"message":"getProducts","User":"Arthur","UserID":8,"level":"TRACE","thread_name":"main","class":"me.sanchez.logging.Applicationrepository","logger_name":"Read","@timestamp":"2022-12-20 12:27:53.192+0100"}
{"message":"getProducts","User":"Arthur","UserID":8,"level":"TRACE","thread_name":"main","class":"me.sanchez.logging.Applicationrepository","logger_name":"Read","@timestamp":"2022-12-20 12:27:53.192+0100"}
{"message":"getProducts","User":"Arthur","UserID":8,"level":"TRACE","thread_name":"main","class":"me.sanchez.logging.Applicationrepository","logger_name":"Read","@timestamp":"2022-12-20 12:27:53.192+0100"}
{"message":"getProducts","User":"Arthur","UserID":8,"level":"TRACE","thread_name":"main","class":"me.sanchez.logging.Applicationrepository","logger_name":"Read","@timestamp":"2022-12-20 12:27:53.192+0100"}
{"message":"getProducts","User":"Arthur","UserID":8,"level":"TRACE","thread_name":"main","class":"me.sanchez.logging.Applicationrepository","logger_name":"Read","@timestamp":"2022-12-20 12:27:53.193+0100"}
{"message":"getProducts","User":"Arthur","UserID":8,"level":"TRACE","thread_name":"main","class":"me.sanchez.logging.Applicationrepository","logger_name":"Read","@timestamp":"2022-12-20 12:27:53.193+0100"}
{"message":"getProductById","User":"Arthur","UserID":8,"level":"TRACE","thread_name":"main","class":"me.sanchez.logging.Applicationrepository","logger_name":"Read","@timestamp":"2022-12-20 12:27:53.193+0100"}
{"message":"getProductById","User":"Arthur","UserID":8,"level":"TRACE","thread_name":"main","class":"me.sanchez.logging.Applicationrepository","logger_name":"Read","@timestamp":"2022-12-20 12:27:53.193+0100"}
{"message":"getProducts","User":"Arthur","UserID":8,"level":"TRACE","thread_name":"main","class":"me.sanchez.logging.Applicationrepository","logger_name":"Read","@timestamp":"2022-12-20 12:27:53.194+0100"}
{"message":"getProducts","User":"Arthur","UserID":8,"level":"TRACE","thread_name":"main","class":"me.sanchez.logging.Applicationrepository","logger_name":"Read","@timestamp":"2022-12-20 12:27:53.195+0100"}
{"message":"getProductById","User":"Arthur","UserID":8,"level":"TRACE","thread_name":"main","class":"me.sanchez.logging.Applicationrepository","logger_name":"Read","@timestamp":"2022-12-20 12:27:53.195+0100"}
{"message":"getProductById","User":"Arthur","UserID":8,"level":"TRACE","thread_name":"main","class":"me.sanchez.logging.Applicationrepository","logger_name":"Read","@timestamp":"2022-12-20 12:27:53.195+0100"}
{"message":"getProducts","User":"Marie-Lou","UserID":9,"level":"TRACE","thread_name":"main","class":"me.sanchez.logging.Applicationrepository","logger_name":"Read","@timestamp":"2022-12-20 12:27:53.195+0100"}
{"message":"getProducts","User":"Marie-Lou","UserID":9,"level":"TRACE","thread_name":"main","class":"me.sanchez.logging.Applicationrepository","logger_name":"Read","@timestamp":"2022-12-20 12:27:53.196+0100"}
{"message":"getProductById","User":"Marie-Lou","UserID":9,"level":"TRACE","thread_name":"main","class":"me.sanchez.logging.Applicationrepository","logger_name":"Read","@timestamp":"2022-12-20 12:27:53.196+0100"}
{"message":"getProducts","User":"Marie-Lou","UserID":9,"level":"TRACE","thread_name":"main","class":"me.sanchez.logging.Applicationrepository","logger_name":"Read","@timestamp":"2022-12-20 12:27:53.198+0100"}
{"message":"getProductById","User":"Marie-Lou","UserID":9,"level":"TRACE","thread_name":"main","class":"me.sanchez.logging.Applicationrepository","logger_name":"Read","@timestamp":"2022-12-20 12:27:53.198+0100"}
{"message":"getProductById","User":"Marie-Lou","UserID":9,"level":"TRACE","thread_name":"main","class":"me.sanchez.logging.Applicationrepository","logger_name":"Read","@timestamp":"2022-12-20 12:27:53.199+0100"}
{"message":"getUser","User":"123","UserID":11,"level":"TRACE","thread_name":"main","class":"me.sanchez.logging.Applicationrepository","logger_name":"Read","@timestamp":"2022-12-20 12:28:02.881+0100"}
{"message":"getUser","User":"123","UserID":11,"level":"TRACE","thread_name":"main","class":"me.sanchez.logging.Applicationrepository","logger_name":"Read","@timestamp":"2022-12-20 12:28:02.881+0100"}
{"message":"getUser","User":"123","UserID":11,"level":"TRACE","thread_name":"main","class":"me.sanchez.logging.Applicationrepository","logger_name":"Read","@timestamp":"2022-12-20 12:28:02.881+0100"}
