{"message":"addProduct","User":"Matthieu","UserID":0,"level":"TRACE","thread_name":"main","class":"me.sanchez.logging.Applicationrepository","logger_name":"Write","@timestamp":"2022-12-17 18:57:45.610+0100"}
{"message":"addProduct","User":"Matthieu","UserID":0,"level":"TRACE","thread_name":"main","class":"me.sanchez.logging.Applicationrepository","logger_name":"Write","@timestamp":"2022-12-17 18:57:45.611+0100"}
{"message":"addProduct","User":"Matthieu","UserID":0,"level":"TRACE","thread_name":"main","class":"me.sanchez.logging.Applicationrepository","logger_name":"Write","@timestamp":"2022-12-17 18:57:45.612+0100"}
{"message":"addProduct","User":"Matthieu","UserID":0,"level":"TRACE","thread_name":"main","class":"me.sanchez.logging.Applicationrepository","logger_name":"Write","@timestamp":"2022-12-17 18:57:45.612+0100"}
{"message":"addProduct","User":"Matthieu","UserID":0,"level":"TRACE","thread_name":"main","class":"me.sanchez.logging.Applicationrepository","logger_name":"Write","@timestamp":"2022-12-17 18:57:45.612+0100"}
{"message":"addProduct","User":"Matthieu","UserID":0,"level":"TRACE","thread_name":"main","class":"me.sanchez.logging.Applicationrepository","logger_name":"Write","@timestamp":"2022-12-17 18:57:45.613+0100"}
{"message":"addProduct","User":"Matthieu","UserID":0,"level":"TRACE","thread_name":"main","class":"me.sanchez.logging.Applicationrepository","logger_name":"Write","@timestamp":"2022-12-17 18:57:45.613+0100"}
{"message":"addProduct","User":"Matthieu","UserID":0,"level":"TRACE","thread_name":"main","class":"me.sanchez.logging.Applicationrepository","logger_name":"Write","@timestamp":"2022-12-17 18:57:45.613+0100"}
{"message":"addProduct","User":"Matthieu","UserID":0,"level":"TRACE","thread_name":"main","class":"me.sanchez.logging.Applicationrepository","logger_name":"Write","@timestamp":"2022-12-17 18:57:45.613+0100"}
{"message":"addProduct","User":"Matthieu","UserID":0,"level":"TRACE","thread_name":"main","class":"me.sanchez.logging.Applicationrepository","logger_name":"Write","@timestamp":"2022-12-17 18:57:45.613+0100"}
{"message":"addProduct","User":"Matthieu","UserID":0,"level":"TRACE","thread_name":"main","class":"me.sanchez.logging.Applicationrepository","logger_name":"Write","@timestamp":"2022-12-17 18:57:45.613+0100"}
{"message":"addProduct","User":"Matthieu","UserID":0,"level":"TRACE","thread_name":"main","class":"me.sanchez.logging.Applicationrepository","logger_name":"Write","@timestamp":"2022-12-17 18:57:45.613+0100"}
{"message":"removeProduct","User":"Matthieu","UserID":0,"level":"TRACE","thread_name":"main","class":"me.sanchez.logging.Applicationrepository","logger_name":"Write","@timestamp":"2022-12-17 18:57:45.615+0100"}
{"message":"editProduct","User":"Matthieu","UserID":0,"level":"TRACE","thread_name":"main","class":"me.sanchez.logging.Applicationrepository","logger_name":"Write","@timestamp":"2022-12-17 18:57:45.615+0100"}
{"message":"addProduct","User":"Matthieu","UserID":0,"level":"TRACE","thread_name":"main","class":"me.sanchez.logging.Applicationrepository","logger_name":"Write","@timestamp":"2022-12-17 18:57:45.615+0100"}
{"message":"addProduct","User":"Matthieu","UserID":0,"level":"TRACE","thread_name":"main","class":"me.sanchez.logging.Applicationrepository","logger_name":"Write","@timestamp":"2022-12-17 18:57:45.615+0100"}
{"message":"addProduct","User":"Matthieu","UserID":0,"level":"TRACE","thread_name":"main","class":"me.sanchez.logging.Applicationrepository","logger_name":"Write","@timestamp":"2022-12-17 18:57:45.615+0100"}
{"message":"addProduct","User":"Matthieu","UserID":0,"level":"TRACE","thread_name":"main","class":"me.sanchez.logging.Applicationrepository","logger_name":"Write","@timestamp":"2022-12-17 18:57:45.615+0100"}
{"message":"addProduct","User":"Matthieu","UserID":0,"level":"TRACE","thread_name":"main","class":"me.sanchez.logging.Applicationrepository","logger_name":"Write","@timestamp":"2022-12-17 18:57:45.616+0100"}
{"message":"removeProduct","User":"Matthieu","UserID":0,"level":"TRACE","thread_name":"main","class":"me.sanchez.logging.Applicationrepository","logger_name":"Write","@timestamp":"2022-12-17 18:57:45.617+0100"}
{"message":"editProduct","User":"Martin","UserID":1,"level":"TRACE","thread_name":"main","class":"me.sanchez.logging.Applicationrepository","logger_name":"Write","@timestamp":"2022-12-17 18:57:45.617+0100"}
{"message":"addProduct","User":"Martin","UserID":1,"level":"TRACE","thread_name":"main","class":"me.sanchez.logging.Applicationrepository","logger_name":"Write","@timestamp":"2022-12-17 18:57:45.617+0100"}
{"message":"addProduct","User":"Martin","UserID":1,"level":"TRACE","thread_name":"main","class":"me.sanchez.logging.Applicationrepository","logger_name":"Write","@timestamp":"2022-12-17 18:57:45.618+0100"}
{"message":"addProduct","User":"Martin","UserID":1,"level":"TRACE","thread_name":"main","class":"me.sanchez.logging.Applicationrepository","logger_name":"Write","@timestamp":"2022-12-17 18:57:45.618+0100"}
{"message":"addProduct","User":"Martin","UserID":1,"level":"TRACE","thread_name":"main","class":"me.sanchez.logging.Applicationrepository","logger_name":"Write","@timestamp":"2022-12-17 18:57:45.618+0100"}
{"message":"addProduct","User":"Martin","UserID":1,"level":"TRACE","thread_name":"main","class":"me.sanchez.logging.Applicationrepository","logger_name":"Write","@timestamp":"2022-12-17 18:57:45.618+0100"}
{"message":"removeProduct","User":"Martin","UserID":1,"level":"TRACE","thread_name":"main","class":"me.sanchez.logging.Applicationrepository","logger_name":"Write","@timestamp":"2022-12-17 18:57:45.621+0100"}
{"message":"removeProduct","User":"Martin","UserID":1,"level":"TRACE","thread_name":"main","class":"me.sanchez.logging.Applicationrepository","logger_name":"Write","@timestamp":"2022-12-17 18:57:45.623+0100"}
{"message":"addProduct","User":"Lucie","UserID":2,"level":"TRACE","thread_name":"main","class":"me.sanchez.logging.Applicationrepository","logger_name":"Write","@timestamp":"2022-12-17 18:57:45.623+0100"}
{"message":"addProduct","User":"Lucie","UserID":2,"level":"TRACE","thread_name":"main","class":"me.sanchez.logging.Applicationrepository","logger_name":"Write","@timestamp":"2022-12-17 18:57:45.624+0100"}
{"message":"removeProduct","User":"Lucie","UserID":2,"level":"TRACE","thread_name":"main","class":"me.sanchez.logging.Applicationrepository","logger_name":"Write","@timestamp":"2022-12-17 18:57:45.625+0100"}
{"message":"editProduct","User":"Lucie","UserID":2,"level":"TRACE","thread_name":"main","class":"me.sanchez.logging.Applicationrepository","logger_name":"Write","@timestamp":"2022-12-17 18:57:45.625+0100"}
{"message":"addProduct","User":"Lucie","UserID":2,"level":"TRACE","thread_name":"main","class":"me.sanchez.logging.Applicationrepository","logger_name":"Write","@timestamp":"2022-12-17 18:57:45.625+0100"}
{"message":"addProduct","User":"Lucie","UserID":2,"level":"TRACE","thread_name":"main","class":"me.sanchez.logging.Applicationrepository","logger_name":"Write","@timestamp":"2022-12-17 18:57:45.625+0100"}
{"message":"addProduct","User":"Lucie","UserID":2,"level":"TRACE","thread_name":"main","class":"me.sanchez.logging.Applicationrepository","logger_name":"Write","@timestamp":"2022-12-17 18:57:45.625+0100"}
{"message":"addProduct","User":"Lucie","UserID":2,"level":"TRACE","thread_name":"main","class":"me.sanchez.logging.Applicationrepository","logger_name":"Write","@timestamp":"2022-12-17 18:57:45.625+0100"}
{"message":"addProduct","User":"Lucie","UserID":2,"level":"TRACE","thread_name":"main","class":"me.sanchez.logging.Applicationrepository","logger_name":"Write","@timestamp":"2022-12-17 18:57:45.625+0100"}
{"message":"removeProduct","User":"Lucie","UserID":2,"level":"TRACE","thread_name":"main","class":"me.sanchez.logging.Applicationrepository","logger_name":"Write","@timestamp":"2022-12-17 18:57:45.626+0100"}
{"message":"removeProduct","User":"Celine","UserID":3,"level":"TRACE","thread_name":"main","class":"me.sanchez.logging.Applicationrepository","logger_name":"Write","@timestamp":"2022-12-17 18:57:45.630+0100"}
{"message":"addProduct","User":"Matthieu","UserID":0,"level":"TRACE","thread_name":"main","class":"me.sanchez.logging.Applicationrepository","logger_name":"Write","@timestamp":"2022-12-17 18:57:45.631+0100"}
{"message":"addProduct","User":"Matthieu","UserID":0,"level":"TRACE","thread_name":"main","class":"me.sanchez.logging.Applicationrepository","logger_name":"Write","@timestamp":"2022-12-17 18:57:45.631+0100"}
{"message":"addProduct","User":"Matthieu","UserID":0,"level":"TRACE","thread_name":"main","class":"me.sanchez.logging.Applicationrepository","logger_name":"Write","@timestamp":"2022-12-17 18:57:45.631+0100"}
{"message":"addProduct","User":"Matthieu","UserID":0,"level":"TRACE","thread_name":"main","class":"me.sanchez.logging.Applicationrepository","logger_name":"Write","@timestamp":"2022-12-17 18:57:45.631+0100"}
{"message":"addProduct","User":"Matthieu","UserID":0,"level":"TRACE","thread_name":"main","class":"me.sanchez.logging.Applicationrepository","logger_name":"Write","@timestamp":"2022-12-17 18:57:45.631+0100"}
{"message":"addProduct","User":"Matthieu","UserID":0,"level":"TRACE","thread_name":"main","class":"me.sanchez.logging.Applicationrepository","logger_name":"Write","@timestamp":"2022-12-17 18:57:45.631+0100"}
{"message":"addProduct","User":"Matthieu","UserID":0,"level":"TRACE","thread_name":"main","class":"me.sanchez.logging.Applicationrepository","logger_name":"Write","@timestamp":"2022-12-17 18:57:45.632+0100"}
{"message":"addProduct","User":"Matthieu","UserID":0,"level":"TRACE","thread_name":"main","class":"me.sanchez.logging.Applicationrepository","logger_name":"Write","@timestamp":"2022-12-17 18:57:45.632+0100"}
{"message":"addProduct","User":"Matthieu","UserID":0,"level":"TRACE","thread_name":"main","class":"me.sanchez.logging.Applicationrepository","logger_name":"Write","@timestamp":"2022-12-17 18:57:45.632+0100"}
{"message":"addProduct","User":"Matthieu","UserID":0,"level":"TRACE","thread_name":"main","class":"me.sanchez.logging.Applicationrepository","logger_name":"Write","@timestamp":"2022-12-17 18:57:45.632+0100"}
{"message":"addProduct","User":"Matthieu","UserID":0,"level":"TRACE","thread_name":"main","class":"me.sanchez.logging.Applicationrepository","logger_name":"Write","@timestamp":"2022-12-17 18:57:45.632+0100"}
{"message":"addProduct","User":"Matthieu","UserID":0,"level":"TRACE","thread_name":"main","class":"me.sanchez.logging.Applicationrepository","logger_name":"Write","@timestamp":"2022-12-17 18:57:45.632+0100"}
{"message":"addProduct","User":"Matthieu","UserID":0,"level":"TRACE","thread_name":"main","class":"me.sanchez.logging.Applicationrepository","logger_name":"Write","@timestamp":"2022-12-17 18:57:45.632+0100"}
{"message":"addProduct","User":"Gaetan","UserID":5,"level":"TRACE","thread_name":"main","class":"me.sanchez.logging.Applicationrepository","logger_name":"Write","@timestamp":"2022-12-17 18:57:45.633+0100"}
{"message":"addProduct","User":"Gaetan","UserID":5,"level":"TRACE","thread_name":"main","class":"me.sanchez.logging.Applicationrepository","logger_name":"Write","@timestamp":"2022-12-17 18:57:45.633+0100"}
{"message":"addProduct","User":"Gaetan","UserID":5,"level":"TRACE","thread_name":"main","class":"me.sanchez.logging.Applicationrepository","logger_name":"Write","@timestamp":"2022-12-17 18:57:45.633+0100"}
{"message":"addProduct","User":"Gaetan","UserID":5,"level":"TRACE","thread_name":"main","class":"me.sanchez.logging.Applicationrepository","logger_name":"Write","@timestamp":"2022-12-17 18:57:45.633+0100"}
{"message":"addProduct","User":"Gaetan","UserID":5,"level":"TRACE","thread_name":"main","class":"me.sanchez.logging.Applicationrepository","logger_name":"Write","@timestamp":"2022-12-17 18:57:45.634+0100"}
{"message":"removeProduct","User":"Gaetan","UserID":5,"level":"TRACE","thread_name":"main","class":"me.sanchez.logging.Applicationrepository","logger_name":"Write","@timestamp":"2022-12-17 18:57:45.634+0100"}
{"message":"addProduct","User":"Gaetan","UserID":5,"level":"TRACE","thread_name":"main","class":"me.sanchez.logging.Applicationrepository","logger_name":"Write","@timestamp":"2022-12-17 18:57:45.634+0100"}
{"message":"addProduct","User":"Gaetan","UserID":5,"level":"TRACE","thread_name":"main","class":"me.sanchez.logging.Applicationrepository","logger_name":"Write","@timestamp":"2022-12-17 18:57:45.634+0100"}
{"message":"addProduct","User":"Gaetan","UserID":5,"level":"TRACE","thread_name":"main","class":"me.sanchez.logging.Applicationrepository","logger_name":"Write","@timestamp":"2022-12-17 18:57:45.635+0100"}
{"message":"addProduct","User":"Gaetan","UserID":5,"level":"TRACE","thread_name":"main","class":"me.sanchez.logging.Applicationrepository","logger_name":"Write","@timestamp":"2022-12-17 18:57:45.635+0100"}
{"message":"addProduct","User":"Gaetan","UserID":5,"level":"TRACE","thread_name":"main","class":"me.sanchez.logging.Applicationrepository","logger_name":"Write","@timestamp":"2022-12-17 18:57:45.635+0100"}
{"message":"removeProduct","User":"Gaetan","UserID":5,"level":"TRACE","thread_name":"main","class":"me.sanchez.logging.Applicationrepository","logger_name":"Write","@timestamp":"2022-12-17 18:57:45.635+0100"}
{"message":"removeProduct","User":"Lea","UserID":6,"level":"TRACE","thread_name":"main","class":"me.sanchez.logging.Applicationrepository","logger_name":"Write","@timestamp":"2022-12-17 18:57:45.636+0100"}
{"message":"removeProduct","User":"Lea","UserID":6,"level":"TRACE","thread_name":"main","class":"me.sanchez.logging.Applicationrepository","logger_name":"Write","@timestamp":"2022-12-17 18:57:45.636+0100"}
{"message":"removeProduct","User":"Lea","UserID":6,"level":"TRACE","thread_name":"main","class":"me.sanchez.logging.Applicationrepository","logger_name":"Write","@timestamp":"2022-12-17 18:57:45.636+0100"}
{"message":"removeProduct","User":"Lea","UserID":6,"level":"TRACE","thread_name":"main","class":"me.sanchez.logging.Applicationrepository","logger_name":"Write","@timestamp":"2022-12-17 18:57:45.636+0100"}
{"message":"removeProduct","User":"Lea","UserID":6,"level":"TRACE","thread_name":"main","class":"me.sanchez.logging.Applicationrepository","logger_name":"Write","@timestamp":"2022-12-17 18:57:45.636+0100"}
{"message":"removeProduct","User":"Lea","UserID":6,"level":"TRACE","thread_name":"main","class":"me.sanchez.logging.Applicationrepository","logger_name":"Write","@timestamp":"2022-12-17 18:57:45.636+0100"}
{"message":"removeProduct","User":"Lea","UserID":6,"level":"TRACE","thread_name":"main","class":"me.sanchez.logging.Applicationrepository","logger_name":"Write","@timestamp":"2022-12-17 18:57:45.636+0100"}
{"message":"removeProduct","User":"Lea","UserID":6,"level":"TRACE","thread_name":"main","class":"me.sanchez.logging.Applicationrepository","logger_name":"Write","@timestamp":"2022-12-17 18:57:45.636+0100"}
{"message":"removeProduct","User":"Lea","UserID":6,"level":"TRACE","thread_name":"main","class":"me.sanchez.logging.Applicationrepository","logger_name":"Write","@timestamp":"2022-12-17 18:57:45.636+0100"}
{"message":"removeProduct","User":"Lea","UserID":6,"level":"TRACE","thread_name":"main","class":"me.sanchez.logging.Applicationrepository","logger_name":"Write","@timestamp":"2022-12-17 18:57:45.637+0100"}
{"message":"addProduct","User":"Lea","UserID":6,"level":"TRACE","thread_name":"main","class":"me.sanchez.logging.Applicationrepository","logger_name":"Write","@timestamp":"2022-12-17 18:57:45.637+0100"}
{"message":"addProduct","User":"Lea","UserID":6,"level":"TRACE","thread_name":"main","class":"me.sanchez.logging.Applicationrepository","logger_name":"Write","@timestamp":"2022-12-17 18:57:45.637+0100"}
{"message":"addProduct","User":"Lea","UserID":6,"level":"TRACE","thread_name":"main","class":"me.sanchez.logging.Applicationrepository","logger_name":"Write","@timestamp":"2022-12-17 18:57:45.637+0100"}
{"message":"addProduct","User":"Lea","UserID":6,"level":"TRACE","thread_name":"main","class":"me.sanchez.logging.Applicationrepository","logger_name":"Write","@timestamp":"2022-12-17 18:57:45.637+0100"}
{"message":"addProduct","User":"Lea","UserID":6,"level":"TRACE","thread_name":"main","class":"me.sanchez.logging.Applicationrepository","logger_name":"Write","@timestamp":"2022-12-17 18:57:45.637+0100"}
{"message":"editProduct","User":"Lea","UserID":7,"level":"TRACE","thread_name":"main","class":"me.sanchez.logging.Applicationrepository","logger_name":"Write","@timestamp":"2022-12-17 18:57:45.638+0100"}
{"message":"editProduct","User":"Lea","UserID":7,"level":"TRACE","thread_name":"main","class":"me.sanchez.logging.Applicationrepository","logger_name":"Write","@timestamp":"2022-12-17 18:57:45.638+0100"}
{"message":"editProduct","User":"Lea","UserID":7,"level":"TRACE","thread_name":"main","class":"me.sanchez.logging.Applicationrepository","logger_name":"Write","@timestamp":"2022-12-17 18:57:45.638+0100"}
{"message":"editProduct","User":"Lea","UserID":7,"level":"TRACE","thread_name":"main","class":"me.sanchez.logging.Applicationrepository","logger_name":"Write","@timestamp":"2022-12-17 18:57:45.638+0100"}
{"message":"editProduct","User":"Lea","UserID":7,"level":"TRACE","thread_name":"main","class":"me.sanchez.logging.Applicationrepository","logger_name":"Write","@timestamp":"2022-12-17 18:57:45.638+0100"}
{"message":"editProduct","User":"Lea","UserID":7,"level":"TRACE","thread_name":"main","class":"me.sanchez.logging.Applicationrepository","logger_name":"Write","@timestamp":"2022-12-17 18:57:45.639+0100"}
{"message":"addProduct","User":"Lea","UserID":7,"level":"TRACE","thread_name":"main","class":"me.sanchez.logging.Applicationrepository","logger_name":"Write","@timestamp":"2022-12-17 18:57:45.639+0100"}
{"message":"addProduct","User":"Lea","UserID":7,"level":"TRACE","thread_name":"main","class":"me.sanchez.logging.Applicationrepository","logger_name":"Write","@timestamp":"2022-12-17 18:57:45.639+0100"}
{"message":"addProduct","User":"Lea","UserID":7,"level":"TRACE","thread_name":"main","class":"me.sanchez.logging.Applicationrepository","logger_name":"Write","@timestamp":"2022-12-17 18:57:45.639+0100"}
{"message":"addProduct","User":"Lea","UserID":7,"level":"TRACE","thread_name":"main","class":"me.sanchez.logging.Applicationrepository","logger_name":"Write","@timestamp":"2022-12-17 18:57:45.639+0100"}
{"message":"addProduct","User":"Lea","UserID":7,"level":"TRACE","thread_name":"main","class":"me.sanchez.logging.Applicationrepository","logger_name":"Write","@timestamp":"2022-12-17 18:57:45.639+0100"}
{"message":"editProduct","User":"Lea","UserID":7,"level":"TRACE","thread_name":"main","class":"me.sanchez.logging.Applicationrepository","logger_name":"Write","@timestamp":"2022-12-17 18:57:45.639+0100"}
{"message":"editProduct","User":"Lea","UserID":7,"level":"TRACE","thread_name":"main","class":"me.sanchez.logging.Applicationrepository","logger_name":"Write","@timestamp":"2022-12-17 18:57:45.640+0100"}
{"message":"removeProduct","User":"Lea","UserID":7,"level":"TRACE","thread_name":"main","class":"me.sanchez.logging.Applicationrepository","logger_name":"Write","@timestamp":"2022-12-17 18:57:45.640+0100"}
{"message":"editProduct","User":"Arthur","UserID":8,"level":"TRACE","thread_name":"main","class":"me.sanchez.logging.Applicationrepository","logger_name":"Write","@timestamp":"2022-12-17 18:57:45.653+0100"}
{"message":"addProduct","User":"Arthur","UserID":8,"level":"TRACE","thread_name":"main","class":"me.sanchez.logging.Applicationrepository","logger_name":"Write","@timestamp":"2022-12-17 18:57:45.653+0100"}
{"message":"addProduct","User":"Arthur","UserID":8,"level":"TRACE","thread_name":"main","class":"me.sanchez.logging.Applicationrepository","logger_name":"Write","@timestamp":"2022-12-17 18:57:45.653+0100"}
{"message":"addProduct","User":"Arthur","UserID":8,"level":"TRACE","thread_name":"main","class":"me.sanchez.logging.Applicationrepository","logger_name":"Write","@timestamp":"2022-12-17 18:57:45.654+0100"}
{"message":"addProduct","User":"Arthur","UserID":8,"level":"TRACE","thread_name":"main","class":"me.sanchez.logging.Applicationrepository","logger_name":"Write","@timestamp":"2022-12-17 18:57:45.654+0100"}
{"message":"addProduct","User":"Arthur","UserID":8,"level":"TRACE","thread_name":"main","class":"me.sanchez.logging.Applicationrepository","logger_name":"Write","@timestamp":"2022-12-17 18:57:45.654+0100"}
{"message":"addProduct","User":"Marie-Lou","UserID":9,"level":"TRACE","thread_name":"main","class":"me.sanchez.logging.Applicationrepository","logger_name":"Write","@timestamp":"2022-12-17 18:57:45.655+0100"}
{"message":"addProduct","User":"Marie-Lou","UserID":9,"level":"TRACE","thread_name":"main","class":"me.sanchez.logging.Applicationrepository","logger_name":"Write","@timestamp":"2022-12-17 18:57:45.655+0100"}
{"message":"addProduct","User":"Marie-Lou","UserID":9,"level":"TRACE","thread_name":"main","class":"me.sanchez.logging.Applicationrepository","logger_name":"Write","@timestamp":"2022-12-17 18:57:45.655+0100"}
{"message":"addProduct","User":"Marie-Lou","UserID":9,"level":"TRACE","thread_name":"main","class":"me.sanchez.logging.Applicationrepository","logger_name":"Write","@timestamp":"2022-12-17 18:57:45.655+0100"}
{"message":"addProduct","User":"Marie-Lou","UserID":9,"level":"TRACE","thread_name":"main","class":"me.sanchez.logging.Applicationrepository","logger_name":"Write","@timestamp":"2022-12-17 18:57:45.655+0100"}
{"message":"editProduct","User":"Marie-Lou","UserID":9,"level":"TRACE","thread_name":"main","class":"me.sanchez.logging.Applicationrepository","logger_name":"Write","@timestamp":"2022-12-17 18:57:45.655+0100"}
{"message":"addProduct","User":"Marie-Lou","UserID":9,"level":"TRACE","thread_name":"main","class":"me.sanchez.logging.Applicationrepository","logger_name":"Write","@timestamp":"2022-12-17 18:57:45.655+0100"}
{"message":"addProduct","User":"Marie-Lou","UserID":9,"level":"TRACE","thread_name":"main","class":"me.sanchez.logging.Applicationrepository","logger_name":"Write","@timestamp":"2022-12-17 18:57:45.656+0100"}
{"message":"addProduct","User":"Marie-Lou","UserID":9,"level":"TRACE","thread_name":"main","class":"me.sanchez.logging.Applicationrepository","logger_name":"Write","@timestamp":"2022-12-17 18:57:45.656+0100"}
{"message":"addProduct","User":"Marie-Lou","UserID":9,"level":"TRACE","thread_name":"main","class":"me.sanchez.logging.Applicationrepository","logger_name":"Write","@timestamp":"2022-12-17 18:57:45.656+0100"}
{"message":"addProduct","User":"Marie-Lou","UserID":9,"level":"TRACE","thread_name":"main","class":"me.sanchez.logging.Applicationrepository","logger_name":"Write","@timestamp":"2022-12-17 18:57:45.656+0100"}
{"message":"removeProduct","User":"Marie-Lou","UserID":9,"level":"TRACE","thread_name":"main","class":"me.sanchez.logging.Applicationrepository","logger_name":"Write","@timestamp":"2022-12-17 18:57:45.657+0100"}
{"message":"addProduct","User":"test","UserID":11,"level":"TRACE","thread_name":"main","class":"me.sanchez.logging.Applicationrepository","logger_name":"Write","@timestamp":"2022-12-17 18:58:30.052+0100"}
